<!DOCTYPE html>

<html>
  <head>
  <meta charset='utf-8'>
  <title>TestNG reports</title>

    <link type="text/css" href="testng-reports.css" rel="stylesheet" />
    <script type="text/javascript" src="jquery-1.7.1.min.js"></script>
    <script type="text/javascript" src="testng-reports.js"></script>
    <script type="text/javascript" src="https://www.google.com/jsapi"></script>
    <script type='text/javascript'>
      google.load('visualization', '1', {packages:['table']});
      google.setOnLoadCallback(drawTable);
      var suiteTableInitFunctions = new Array();
      var suiteTableData = new Array();
    </script>
    <!--
      <script type="text/javascript" src="jquery-ui/js/jquery-ui-1.8.16.custom.min.js"></script>
     -->
  </head>

  <body>
    <div class="top-banner-root">
      <span class="top-banner-title-font">Test results</span>
      <br/>
      <span class="top-banner-font-1">1 suite, 3 failed tests</span>
    </div> <!-- top-banner-root -->
    <div class="navigator-root">
      <div class="navigator-suite-header">
        <span>All suites</span>
        <a href="#" class="collapse-all-link" title="Collapse/expand all the suites">
          <img class="collapse-all-icon" src="collapseall.gif">
          </img> <!-- collapse-all-icon -->
        </a> <!-- collapse-all-link -->
      </div> <!-- navigator-suite-header -->
      <div class="suite">
        <div class="rounded-window">
          <div class="suite-header light-rounded-window-top">
            <a href="#" class="navigator-link" panel-name="suite-Twitter_Automation_Test">
              <span class="suite-name border-failed">Twitter Automation Test</span>
            </a> <!-- navigator-link -->
          </div> <!-- suite-header light-rounded-window-top -->
          <div class="navigator-suite-content">
            <div class="suite-section-title">
              <span>Info</span>
            </div> <!-- suite-section-title -->
            <div class="suite-section-content">
              <ul>
                <li>
                  <a href="#" class="navigator-link " panel-name="test-xml-Twitter_Automation_Test">
                    <span>C:\Users\Rabeka\IdeaProjects\Team_3_Framework_Project\Twitter\target\test-classes\TwitterTestRunner.xml</span>
                  </a> <!-- navigator-link  -->
                </li>
                <li>
                  <a href="#" class="navigator-link " panel-name="testlist-Twitter_Automation_Test">
                    <span class="test-stats">1 test</span>
                  </a> <!-- navigator-link  -->
                </li>
                <li>
                  <a href="#" class="navigator-link " panel-name="group-Twitter_Automation_Test">
                    <span>0 groups</span>
                  </a> <!-- navigator-link  -->
                </li>
                <li>
                  <a href="#" class="navigator-link " panel-name="times-Twitter_Automation_Test">
                    <span>Times</span>
                  </a> <!-- navigator-link  -->
                </li>
                <li>
                  <a href="#" class="navigator-link " panel-name="reporter-Twitter_Automation_Test">
                    <span>Reporter output</span>
                  </a> <!-- navigator-link  -->
                </li>
                <li>
                  <a href="#" class="navigator-link " panel-name="ignored-methods-Twitter_Automation_Test">
                    <span>Ignored methods</span>
                  </a> <!-- navigator-link  -->
                </li>
                <li>
                  <a href="#" class="navigator-link " panel-name="chronological-Twitter_Automation_Test">
                    <span>Chronological view</span>
                  </a> <!-- navigator-link  -->
                </li>
              </ul>
            </div> <!-- suite-section-content -->
            <div class="result-section">
              <div class="suite-section-title">
                <span>Results</span>
              </div> <!-- suite-section-title -->
              <div class="suite-section-content">
                <ul>
                  <li>
                    <span class="method-stats">13 methods, 3 failed,  6 skipped,  4 passed</span>
                  </li>
                  <li>
                    <span class="method-list-title failed">Failed methods</span>
                    <span class="show-or-hide-methods failed">
                      <a href="#" panel-name="suite-Twitter_Automation_Test" class="hide-methods failed suite-Twitter_Automation_Test"> (hide)</a> <!-- hide-methods failed suite-Twitter_Automation_Test -->
                      <a href="#" panel-name="suite-Twitter_Automation_Test" class="show-methods failed suite-Twitter_Automation_Test"> (show)</a> <!-- show-methods failed suite-Twitter_Automation_Test -->
                    </span>
                    <div class="method-list-content failed suite-Twitter_Automation_Test">
                      <span>
                        <img width="3%" src="failed.png"/>
                        <a href="#" class="method navigator-link" panel-name="suite-Twitter_Automation_Test" title="testLoginPageObjects.testLoginPage" hash-for-method="testBlankEmailPassword">testBlankEmailPassword</a> <!-- method navigator-link -->
                      </span>
                      <br/>
                      <span>
                        <img width="3%" src="failed.png"/>
                        <a href="#" class="method navigator-link" panel-name="suite-Twitter_Automation_Test" title="testHomePageObjects.TestHomePage" hash-for-method="testHeroImage">testHeroImage</a> <!-- method navigator-link -->
                      </span>
                      <br/>
                      <span>
                        <img width="3%" src="failed.png"/>
                        <a href="#" class="method navigator-link" panel-name="suite-Twitter_Automation_Test" title="testHomePageObjects.TestHomePage" hash-for-method="testListSortBy">testListSortBy</a> <!-- method navigator-link -->
                      </span>
                      <br/>
                    </div> <!-- method-list-content failed suite-Twitter_Automation_Test -->
                  </li>
                  <li>
                    <span class="method-list-title skipped">Skipped methods</span>
                    <span class="show-or-hide-methods skipped">
                      <a href="#" panel-name="suite-Twitter_Automation_Test" class="hide-methods skipped suite-Twitter_Automation_Test"> (hide)</a> <!-- hide-methods skipped suite-Twitter_Automation_Test -->
                      <a href="#" panel-name="suite-Twitter_Automation_Test" class="show-methods skipped suite-Twitter_Automation_Test"> (show)</a> <!-- show-methods skipped suite-Twitter_Automation_Test -->
                    </span>
                    <div class="method-list-content skipped suite-Twitter_Automation_Test">
                      <span>
                        <img width="3%" src="skipped.png"/>
                        <a href="#" class="method navigator-link" panel-name="suite-Twitter_Automation_Test" title="testLoginPageObjects.testLoginPage" hash-for-method="testInvalidEmailBlankPassword">testInvalidEmailBlankPassword</a> <!-- method navigator-link -->
                      </span>
                      <br/>
                      <span>
                        <img width="3%" src="skipped.png"/>
                        <a href="#" class="method navigator-link" panel-name="suite-Twitter_Automation_Test" title="testLoginPageObjects.testLoginPage" hash-for-method="testInvalidEmailInvalidPassword">testInvalidEmailInvalidPassword</a> <!-- method navigator-link -->
                      </span>
                      <br/>
                      <span>
                        <img width="3%" src="skipped.png"/>
                        <a href="#" class="method navigator-link" panel-name="suite-Twitter_Automation_Test" title="testSettingsPageObjects.testSettingsPage" hash-for-method="testPersonlizeCheckBox">testPersonlizeCheckBox</a> <!-- method navigator-link -->
                      </span>
                      <br/>
                      <span>
                        <img width="3%" src="skipped.png"/>
                        <a href="#" class="method navigator-link" panel-name="suite-Twitter_Automation_Test" title="testSettingsPageObjects.testSettingsPage" hash-for-method="testPersonlizeDevicesCheckBox">testPersonlizeDevicesCheckBox</a> <!-- method navigator-link -->
                      </span>
                      <br/>
                      <span>
                        <img width="3%" src="skipped.png"/>
                        <a href="#" class="method navigator-link" panel-name="suite-Twitter_Automation_Test" title="testSettingsPageObjects.testSettingsPage" hash-for-method="testTrackTwitterCheckBox">testTrackTwitterCheckBox</a> <!-- method navigator-link -->
                      </span>
                      <br/>
                      <span>
                        <img width="3%" src="skipped.png"/>
                        <a href="#" class="method navigator-link" panel-name="suite-Twitter_Automation_Test" title="testLoginPageObjects.testLoginPage" hash-for-method="testblankEmailInvalidPassword">testblankEmailInvalidPassword</a> <!-- method navigator-link -->
                      </span>
                      <br/>
                    </div> <!-- method-list-content skipped suite-Twitter_Automation_Test -->
                  </li>
                  <li>
                    <span class="method-list-title passed">Passed methods</span>
                    <span class="show-or-hide-methods passed">
                      <a href="#" panel-name="suite-Twitter_Automation_Test" class="hide-methods passed suite-Twitter_Automation_Test"> (hide)</a> <!-- hide-methods passed suite-Twitter_Automation_Test -->
                      <a href="#" panel-name="suite-Twitter_Automation_Test" class="show-methods passed suite-Twitter_Automation_Test"> (show)</a> <!-- show-methods passed suite-Twitter_Automation_Test -->
                    </span>
                    <div class="method-list-content passed suite-Twitter_Automation_Test">
                      <span>
                        <img width="3%" src="passed.png"/>
                        <a href="#" class="method navigator-link" panel-name="suite-Twitter_Automation_Test" title="testHomePageObjects.TestHomePage" hash-for-method="testBlogLink">testBlogLink</a> <!-- method navigator-link -->
                      </span>
                      <br/>
                      <span>
                        <img width="3%" src="passed.png"/>
                        <a href="#" class="method navigator-link" panel-name="suite-Twitter_Automation_Test" title="testHomePageObjects.TestHomePage" hash-for-method="testHelpCenterLink">testHelpCenterLink</a> <!-- method navigator-link -->
                      </span>
                      <br/>
                      <span>
                        <img width="3%" src="passed.png"/>
                        <a href="#" class="method navigator-link" panel-name="suite-Twitter_Automation_Test" title="testHomePageObjects.TestHomePage" hash-for-method="testHomePageText">testHomePageText</a> <!-- method navigator-link -->
                      </span>
                      <br/>
                      <span>
                        <img width="3%" src="passed.png"/>
                        <a href="#" class="method navigator-link" panel-name="suite-Twitter_Automation_Test" title="testHomePageObjects.TestHomePage" hash-for-method="verifyTotalLinksHomePage">verifyTotalLinksHomePage</a> <!-- method navigator-link -->
                      </span>
                      <br/>
                    </div> <!-- method-list-content passed suite-Twitter_Automation_Test -->
                  </li>
                </ul>
              </div> <!-- suite-section-content -->
            </div> <!-- result-section -->
          </div> <!-- navigator-suite-content -->
        </div> <!-- rounded-window -->
      </div> <!-- suite -->
    </div> <!-- navigator-root -->
    <div class="wrapper">
      <div class="main-panel-root">
        <div panel-name="suite-Twitter_Automation_Test" class="panel Twitter_Automation_Test">
          <div class="suite-Twitter_Automation_Test-class-failed">
            <div class="main-panel-header rounded-window-top">
              <img src="failed.png"/>
              <span class="class-name">testHomePageObjects.TestHomePage</span>
            </div> <!-- main-panel-header rounded-window-top -->
            <div class="main-panel-content rounded-window-bottom">
              <div class="method">
                <div class="method-content">
                  <a name="testHeroImage">
                  </a> <!-- testHeroImage -->
                  <span class="method-name">testHeroImage</span>
                  <div class="stack-trace">java.lang.AssertionError: expected [true] but found [false]
	at testHomePageObjects.TestHomePage.testHeroImage(TestHomePage.java:22)
... Removed 33 stack frames
</div> <!-- stack-trace -->
                </div> <!-- method-content -->
              </div> <!-- method -->
              <div class="method">
                <div class="method-content">
                  <a name="testListSortBy">
                  </a> <!-- testListSortBy -->
                  <span class="method-name">testListSortBy</span>
                  <div class="stack-trace">org.openqa.selenium.WebDriverException: unknown error: Element &lt;span class=&quot;StaticLoggedOutHomePage-validationIconContainer&quot;&gt;...&lt;/span&gt; is not clickable at point (1186, 379). Other element would receive the click: &lt;input type=&quot;password&quot; class=&quot;StaticLoggedOutHomePage-input text-input&quot; name=&quot;user[user_password]&quot; placeholder=&quot;Password&quot;&gt;
  (Session info: chrome=63.0.3239.132)
  (Driver info: chromedriver=2.34.522940 (1a76f96f66e3ca7b8e57d503b4dd3bccfba87af1),platform=Windows NT 10.0.16299 x86_64) (WARNING: The server did not provide any stacktrace information)
Command duration or timeout: 0 milliseconds
Build info: version: &apos;3.7.1&apos;, revision: &apos;8a0099a&apos;, time: &apos;2017-11-06T21:01:39.354Z&apos;
System info: host: &apos;JAHID&apos;, ip: &apos;192.168.91.2&apos;, os.name: &apos;Windows 10&apos;, os.arch: &apos;amd64&apos;, os.version: &apos;10.0&apos;, java.version: &apos;1.8.0_151&apos;
Driver info: org.openqa.selenium.chrome.ChromeDriver
Capabilities {acceptSslCerts: true, applicationCacheEnabled: false, browserConnectionEnabled: false, browserName: chrome, chrome: {chromedriverVersion: 2.34.522940 (1a76f96f66e3ca..., userDataDir: C:\Users\Rabeka\AppData\Loc...}, cssSelectorsEnabled: true, databaseEnabled: false, handlesAlerts: true, hasTouchScreen: false, javascriptEnabled: true, locationContextEnabled: true, mobileEmulationEnabled: false, nativeEvents: true, networkConnectionEnabled: false, pageLoadStrategy: normal, platform: XP, platformName: XP, rotatable: false, setWindowRect: true, takesHeapSnapshot: true, takesScreenshot: true, unexpectedAlertBehaviour: , unhandledPromptBehavior: , version: 63.0.3239.132, webStorageEnabled: true}
Session ID: 6d91ce9a6817264716a7206ddabf02cd
	at org.openqa.selenium.remote.ErrorHandler.createThrowable(ErrorHandler.java:214)
	at org.openqa.selenium.remote.ErrorHandler.throwIfResponseFailed(ErrorHandler.java:166)
	at org.openqa.selenium.remote.http.JsonHttpResponseCodec.reconstructValue(JsonHttpResponseCodec.java:40)
	at org.openqa.selenium.remote.http.AbstractHttpResponseCodec.decode(AbstractHttpResponseCodec.java:80)
	at org.openqa.selenium.remote.http.AbstractHttpResponseCodec.decode(AbstractHttpResponseCodec.java:44)
	at org.openqa.selenium.remote.HttpCommandExecutor.execute(HttpCommandExecutor.java:164)
	at org.openqa.selenium.remote.service.DriverCommandExecutor.execute(DriverCommandExecutor.java:83)
	at org.openqa.selenium.remote.RemoteWebDriver.execute(RemoteWebDriver.java:600)
	at org.openqa.selenium.remote.RemoteWebElement.execute(RemoteWebElement.java:279)
	at org.openqa.selenium.remote.RemoteWebElement.click(RemoteWebElement.java:83)
	at org.openqa.selenium.support.pagefactory.internal.LocatingElementHandler.invoke(LocatingElementHandler.java:51)
	at com.sun.proxy.$Proxy11.click(Unknown Source)
	at homePageObjects.HomePage.getDropBoxList(HomePage.java:85)
	at testHomePageObjects.TestHomePage.testListSortBy(TestHomePage.java:51)
... Removed 37 stack frames
</div> <!-- stack-trace -->
                </div> <!-- method-content -->
              </div> <!-- method -->
            </div> <!-- main-panel-content rounded-window-bottom -->
          </div> <!-- suite-Twitter_Automation_Test-class-failed -->
          <div class="suite-Twitter_Automation_Test-class-failed">
            <div class="main-panel-header rounded-window-top">
              <img src="failed.png"/>
              <span class="class-name">testLoginPageObjects.testLoginPage</span>
            </div> <!-- main-panel-header rounded-window-top -->
            <div class="main-panel-content rounded-window-bottom">
              <div class="method">
                <div class="method-content">
                  <a name="testBlankEmailPassword">
                  </a> <!-- testBlankEmailPassword -->
                  <span class="method-name">testBlankEmailPassword</span>
                  <div class="stack-trace">org.openqa.selenium.NoSuchElementException: no such element: Unable to locate element: {&quot;method&quot;:&quot;xpath&quot;,&quot;selector&quot;:&quot;//div[@id=&apos;page-container&apos;]//button&quot;}
  (Session info: chrome=63.0.3239.132)
  (Driver info: chromedriver=2.34.522940 (1a76f96f66e3ca7b8e57d503b4dd3bccfba87af1),platform=Windows NT 10.0.16299 x86_64) (WARNING: The server did not provide any stacktrace information)
Command duration or timeout: 0 milliseconds
For documentation on this error, please visit: http://seleniumhq.org/exceptions/no_such_element.html
Build info: version: &apos;3.7.1&apos;, revision: &apos;8a0099a&apos;, time: &apos;2017-11-06T21:01:39.354Z&apos;
System info: host: &apos;JAHID&apos;, ip: &apos;192.168.91.2&apos;, os.name: &apos;Windows 10&apos;, os.arch: &apos;amd64&apos;, os.version: &apos;10.0&apos;, java.version: &apos;1.8.0_151&apos;
Driver info: org.openqa.selenium.chrome.ChromeDriver
Capabilities {acceptSslCerts: true, applicationCacheEnabled: false, browserConnectionEnabled: false, browserName: chrome, chrome: {chromedriverVersion: 2.34.522940 (1a76f96f66e3ca..., userDataDir: C:\Users\Rabeka\AppData\Loc...}, cssSelectorsEnabled: true, databaseEnabled: false, handlesAlerts: true, hasTouchScreen: false, javascriptEnabled: true, locationContextEnabled: true, mobileEmulationEnabled: false, nativeEvents: true, networkConnectionEnabled: false, pageLoadStrategy: normal, platform: XP, platformName: XP, rotatable: false, setWindowRect: true, takesHeapSnapshot: true, takesScreenshot: true, unexpectedAlertBehaviour: , unhandledPromptBehavior: , version: 63.0.3239.132, webStorageEnabled: true}
Session ID: 12986e60eaa34bc74e75f87747d68a4a
*** Element info: {Using=xpath, value=//div[@id=&apos;page-container&apos;]//button}
	at org.openqa.selenium.remote.ErrorHandler.createThrowable(ErrorHandler.java:214)
	at org.openqa.selenium.remote.ErrorHandler.throwIfResponseFailed(ErrorHandler.java:166)
	at org.openqa.selenium.remote.http.JsonHttpResponseCodec.reconstructValue(JsonHttpResponseCodec.java:40)
	at org.openqa.selenium.remote.http.AbstractHttpResponseCodec.decode(AbstractHttpResponseCodec.java:80)
	at org.openqa.selenium.remote.http.AbstractHttpResponseCodec.decode(AbstractHttpResponseCodec.java:44)
	at org.openqa.selenium.remote.HttpCommandExecutor.execute(HttpCommandExecutor.java:164)
	at org.openqa.selenium.remote.service.DriverCommandExecutor.execute(DriverCommandExecutor.java:83)
	at org.openqa.selenium.remote.RemoteWebDriver.execute(RemoteWebDriver.java:600)
	at org.openqa.selenium.remote.RemoteWebDriver.findElement(RemoteWebDriver.java:370)
	at org.openqa.selenium.remote.RemoteWebDriver.findElementByXPath(RemoteWebDriver.java:472)
	at org.openqa.selenium.By$ByXPath.findElement(By.java:361)
	at org.openqa.selenium.remote.RemoteWebDriver.findElement(RemoteWebDriver.java:362)
	at org.openqa.selenium.support.pagefactory.DefaultElementLocator.findElement(DefaultElementLocator.java:69)
	at org.openqa.selenium.support.pagefactory.internal.LocatingElementHandler.invoke(LocatingElementHandler.java:38)
	at com.sun.proxy.$Proxy11.click(Unknown Source)
	at loginPageObjects.LoginPage.blankEmailPassword(LoginPage.java:20)
	at testLoginPageObjects.testLoginPage.testBlankEmailPassword(testLoginPage.java:23)
... Removed 33 stack frames
</div> <!-- stack-trace -->
                </div> <!-- method-content -->
              </div> <!-- method -->
            </div> <!-- main-panel-content rounded-window-bottom -->
          </div> <!-- suite-Twitter_Automation_Test-class-failed -->
          <div class="suite-Twitter_Automation_Test-class-skipped">
            <div class="main-panel-header rounded-window-top">
              <img src="skipped.png"/>
              <span class="class-name">testSettingsPageObjects.testSettingsPage</span>
            </div> <!-- main-panel-header rounded-window-top -->
            <div class="main-panel-content rounded-window-bottom">
              <div class="method">
                <div class="method-content">
                  <a name="testPersonlizeCheckBox">
                  </a> <!-- testPersonlizeCheckBox -->
                  <span class="method-name">testPersonlizeCheckBox</span>
                  <div class="stack-trace">org.openqa.selenium.TimeoutException: timeout
  (Session info: chrome=63.0.3239.132)
  (Driver info: chromedriver=2.34.522940 (1a76f96f66e3ca7b8e57d503b4dd3bccfba87af1),platform=Windows NT 10.0.16299 x86_64) (WARNING: The server did not provide any stacktrace information)
Command duration or timeout: 0 milliseconds
Build info: version: &apos;3.7.1&apos;, revision: &apos;8a0099a&apos;, time: &apos;2017-11-06T21:01:39.354Z&apos;
System info: host: &apos;JAHID&apos;, ip: &apos;192.168.91.2&apos;, os.name: &apos;Windows 10&apos;, os.arch: &apos;amd64&apos;, os.version: &apos;10.0&apos;, java.version: &apos;1.8.0_151&apos;
Driver info: org.openqa.selenium.chrome.ChromeDriver
Capabilities {acceptSslCerts: true, applicationCacheEnabled: false, browserConnectionEnabled: false, browserName: chrome, chrome: {chromedriverVersion: 2.34.522940 (1a76f96f66e3ca..., userDataDir: C:\Users\Rabeka\AppData\Loc...}, cssSelectorsEnabled: true, databaseEnabled: false, handlesAlerts: true, hasTouchScreen: false, javascriptEnabled: true, locationContextEnabled: true, mobileEmulationEnabled: false, nativeEvents: true, networkConnectionEnabled: false, pageLoadStrategy: normal, platform: XP, platformName: XP, rotatable: false, setWindowRect: true, takesHeapSnapshot: true, takesScreenshot: true, unexpectedAlertBehaviour: , unhandledPromptBehavior: , version: 63.0.3239.132, webStorageEnabled: true}
Session ID: ae6241bbe34b217d3a74fe777b1be533
	at org.openqa.selenium.remote.ErrorHandler.createThrowable(ErrorHandler.java:214)
	at org.openqa.selenium.remote.ErrorHandler.throwIfResponseFailed(ErrorHandler.java:166)
	at org.openqa.selenium.remote.http.JsonHttpResponseCodec.reconstructValue(JsonHttpResponseCodec.java:40)
	at org.openqa.selenium.remote.http.AbstractHttpResponseCodec.decode(AbstractHttpResponseCodec.java:80)
	at org.openqa.selenium.remote.http.AbstractHttpResponseCodec.decode(AbstractHttpResponseCodec.java:44)
	at org.openqa.selenium.remote.HttpCommandExecutor.execute(HttpCommandExecutor.java:164)
	at org.openqa.selenium.remote.service.DriverCommandExecutor.execute(DriverCommandExecutor.java:83)
	at org.openqa.selenium.remote.RemoteWebDriver.execute(RemoteWebDriver.java:600)
	at org.openqa.selenium.remote.RemoteWebDriver.get(RemoteWebDriver.java:324)
	at base.CommonAPI.setUp(CommonAPI.java:109)
... Removed 36 stack frames
</div> <!-- stack-trace -->
                </div> <!-- method-content -->
              </div> <!-- method -->
              <div class="method">
                <div class="method-content">
                  <a name="testPersonlizeDevicesCheckBox">
                  </a> <!-- testPersonlizeDevicesCheckBox -->
                  <span class="method-name">testPersonlizeDevicesCheckBox</span>
                  <div class="stack-trace">org.openqa.selenium.TimeoutException: timeout
  (Session info: chrome=63.0.3239.132)
  (Driver info: chromedriver=2.34.522940 (1a76f96f66e3ca7b8e57d503b4dd3bccfba87af1),platform=Windows NT 10.0.16299 x86_64) (WARNING: The server did not provide any stacktrace information)
Command duration or timeout: 0 milliseconds
Build info: version: &apos;3.7.1&apos;, revision: &apos;8a0099a&apos;, time: &apos;2017-11-06T21:01:39.354Z&apos;
System info: host: &apos;JAHID&apos;, ip: &apos;192.168.91.2&apos;, os.name: &apos;Windows 10&apos;, os.arch: &apos;amd64&apos;, os.version: &apos;10.0&apos;, java.version: &apos;1.8.0_151&apos;
Driver info: org.openqa.selenium.chrome.ChromeDriver
Capabilities {acceptSslCerts: true, applicationCacheEnabled: false, browserConnectionEnabled: false, browserName: chrome, chrome: {chromedriverVersion: 2.34.522940 (1a76f96f66e3ca..., userDataDir: C:\Users\Rabeka\AppData\Loc...}, cssSelectorsEnabled: true, databaseEnabled: false, handlesAlerts: true, hasTouchScreen: false, javascriptEnabled: true, locationContextEnabled: true, mobileEmulationEnabled: false, nativeEvents: true, networkConnectionEnabled: false, pageLoadStrategy: normal, platform: XP, platformName: XP, rotatable: false, setWindowRect: true, takesHeapSnapshot: true, takesScreenshot: true, unexpectedAlertBehaviour: , unhandledPromptBehavior: , version: 63.0.3239.132, webStorageEnabled: true}
Session ID: ae6241bbe34b217d3a74fe777b1be533
	at org.openqa.selenium.remote.ErrorHandler.createThrowable(ErrorHandler.java:214)
	at org.openqa.selenium.remote.ErrorHandler.throwIfResponseFailed(ErrorHandler.java:166)
	at org.openqa.selenium.remote.http.JsonHttpResponseCodec.reconstructValue(JsonHttpResponseCodec.java:40)
	at org.openqa.selenium.remote.http.AbstractHttpResponseCodec.decode(AbstractHttpResponseCodec.java:80)
	at org.openqa.selenium.remote.http.AbstractHttpResponseCodec.decode(AbstractHttpResponseCodec.java:44)
	at org.openqa.selenium.remote.HttpCommandExecutor.execute(HttpCommandExecutor.java:164)
	at org.openqa.selenium.remote.service.DriverCommandExecutor.execute(DriverCommandExecutor.java:83)
	at org.openqa.selenium.remote.RemoteWebDriver.execute(RemoteWebDriver.java:600)
	at org.openqa.selenium.remote.RemoteWebDriver.get(RemoteWebDriver.java:324)
	at base.CommonAPI.setUp(CommonAPI.java:109)
... Removed 36 stack frames
</div> <!-- stack-trace -->
                </div> <!-- method-content -->
              </div> <!-- method -->
              <div class="method">
                <div class="method-content">
                  <a name="testTrackTwitterCheckBox">
                  </a> <!-- testTrackTwitterCheckBox -->
                  <span class="method-name">testTrackTwitterCheckBox</span>
                  <div class="stack-trace">org.openqa.selenium.TimeoutException: timeout
  (Session info: chrome=63.0.3239.132)
  (Driver info: chromedriver=2.34.522940 (1a76f96f66e3ca7b8e57d503b4dd3bccfba87af1),platform=Windows NT 10.0.16299 x86_64) (WARNING: The server did not provide any stacktrace information)
Command duration or timeout: 0 milliseconds
Build info: version: &apos;3.7.1&apos;, revision: &apos;8a0099a&apos;, time: &apos;2017-11-06T21:01:39.354Z&apos;
System info: host: &apos;JAHID&apos;, ip: &apos;192.168.91.2&apos;, os.name: &apos;Windows 10&apos;, os.arch: &apos;amd64&apos;, os.version: &apos;10.0&apos;, java.version: &apos;1.8.0_151&apos;
Driver info: org.openqa.selenium.chrome.ChromeDriver
Capabilities {acceptSslCerts: true, applicationCacheEnabled: false, browserConnectionEnabled: false, browserName: chrome, chrome: {chromedriverVersion: 2.34.522940 (1a76f96f66e3ca..., userDataDir: C:\Users\Rabeka\AppData\Loc...}, cssSelectorsEnabled: true, databaseEnabled: false, handlesAlerts: true, hasTouchScreen: false, javascriptEnabled: true, locationContextEnabled: true, mobileEmulationEnabled: false, nativeEvents: true, networkConnectionEnabled: false, pageLoadStrategy: normal, platform: XP, platformName: XP, rotatable: false, setWindowRect: true, takesHeapSnapshot: true, takesScreenshot: true, unexpectedAlertBehaviour: , unhandledPromptBehavior: , version: 63.0.3239.132, webStorageEnabled: true}
Session ID: ae6241bbe34b217d3a74fe777b1be533
	at org.openqa.selenium.remote.ErrorHandler.createThrowable(ErrorHandler.java:214)
	at org.openqa.selenium.remote.ErrorHandler.throwIfResponseFailed(ErrorHandler.java:166)
	at org.openqa.selenium.remote.http.JsonHttpResponseCodec.reconstructValue(JsonHttpResponseCodec.java:40)
	at org.openqa.selenium.remote.http.AbstractHttpResponseCodec.decode(AbstractHttpResponseCodec.java:80)
	at org.openqa.selenium.remote.http.AbstractHttpResponseCodec.decode(AbstractHttpResponseCodec.java:44)
	at org.openqa.selenium.remote.HttpCommandExecutor.execute(HttpCommandExecutor.java:164)
	at org.openqa.selenium.remote.service.DriverCommandExecutor.execute(DriverCommandExecutor.java:83)
	at org.openqa.selenium.remote.RemoteWebDriver.execute(RemoteWebDriver.java:600)
	at org.openqa.selenium.remote.RemoteWebDriver.get(RemoteWebDriver.java:324)
	at base.CommonAPI.setUp(CommonAPI.java:109)
... Removed 36 stack frames
</div> <!-- stack-trace -->
                </div> <!-- method-content -->
              </div> <!-- method -->
            </div> <!-- main-panel-content rounded-window-bottom -->
          </div> <!-- suite-Twitter_Automation_Test-class-skipped -->
          <div class="suite-Twitter_Automation_Test-class-skipped">
            <div class="main-panel-header rounded-window-top">
              <img src="skipped.png"/>
              <span class="class-name">testLoginPageObjects.testLoginPage</span>
            </div> <!-- main-panel-header rounded-window-top -->
            <div class="main-panel-content rounded-window-bottom">
              <div class="method">
                <div class="method-content">
                  <a name="testInvalidEmailBlankPassword">
                  </a> <!-- testInvalidEmailBlankPassword -->
                  <span class="method-name">testInvalidEmailBlankPassword</span>
                  <div class="stack-trace">org.openqa.selenium.TimeoutException: timeout
  (Session info: chrome=63.0.3239.132)
  (Driver info: chromedriver=2.34.522940 (1a76f96f66e3ca7b8e57d503b4dd3bccfba87af1),platform=Windows NT 10.0.16299 x86_64) (WARNING: The server did not provide any stacktrace information)
Command duration or timeout: 0 milliseconds
Build info: version: &apos;3.7.1&apos;, revision: &apos;8a0099a&apos;, time: &apos;2017-11-06T21:01:39.354Z&apos;
System info: host: &apos;JAHID&apos;, ip: &apos;192.168.91.2&apos;, os.name: &apos;Windows 10&apos;, os.arch: &apos;amd64&apos;, os.version: &apos;10.0&apos;, java.version: &apos;1.8.0_151&apos;
Driver info: org.openqa.selenium.chrome.ChromeDriver
Capabilities {acceptSslCerts: true, applicationCacheEnabled: false, browserConnectionEnabled: false, browserName: chrome, chrome: {chromedriverVersion: 2.34.522940 (1a76f96f66e3ca..., userDataDir: C:\Users\Rabeka\AppData\Loc...}, cssSelectorsEnabled: true, databaseEnabled: false, handlesAlerts: true, hasTouchScreen: false, javascriptEnabled: true, locationContextEnabled: true, mobileEmulationEnabled: false, nativeEvents: true, networkConnectionEnabled: false, pageLoadStrategy: normal, platform: XP, platformName: XP, rotatable: false, setWindowRect: true, takesHeapSnapshot: true, takesScreenshot: true, unexpectedAlertBehaviour: , unhandledPromptBehavior: , version: 63.0.3239.132, webStorageEnabled: true}
Session ID: ae6241bbe34b217d3a74fe777b1be533
	at org.openqa.selenium.remote.ErrorHandler.createThrowable(ErrorHandler.java:214)
	at org.openqa.selenium.remote.ErrorHandler.throwIfResponseFailed(ErrorHandler.java:166)
	at org.openqa.selenium.remote.http.JsonHttpResponseCodec.reconstructValue(JsonHttpResponseCodec.java:40)
	at org.openqa.selenium.remote.http.AbstractHttpResponseCodec.decode(AbstractHttpResponseCodec.java:80)
	at org.openqa.selenium.remote.http.AbstractHttpResponseCodec.decode(AbstractHttpResponseCodec.java:44)
	at org.openqa.selenium.remote.HttpCommandExecutor.execute(HttpCommandExecutor.java:164)
	at org.openqa.selenium.remote.service.DriverCommandExecutor.execute(DriverCommandExecutor.java:83)
	at org.openqa.selenium.remote.RemoteWebDriver.execute(RemoteWebDriver.java:600)
	at org.openqa.selenium.remote.RemoteWebDriver.get(RemoteWebDriver.java:324)
	at base.CommonAPI.setUp(CommonAPI.java:109)
... Removed 36 stack frames
</div> <!-- stack-trace -->
                </div> <!-- method-content -->
              </div> <!-- method -->
              <div class="method">
                <div class="method-content">
                  <a name="testInvalidEmailInvalidPassword">
                  </a> <!-- testInvalidEmailInvalidPassword -->
                  <span class="method-name">testInvalidEmailInvalidPassword</span>
                  <div class="stack-trace">org.openqa.selenium.TimeoutException: timeout
  (Session info: chrome=63.0.3239.132)
  (Driver info: chromedriver=2.34.522940 (1a76f96f66e3ca7b8e57d503b4dd3bccfba87af1),platform=Windows NT 10.0.16299 x86_64) (WARNING: The server did not provide any stacktrace information)
Command duration or timeout: 0 milliseconds
Build info: version: &apos;3.7.1&apos;, revision: &apos;8a0099a&apos;, time: &apos;2017-11-06T21:01:39.354Z&apos;
System info: host: &apos;JAHID&apos;, ip: &apos;192.168.91.2&apos;, os.name: &apos;Windows 10&apos;, os.arch: &apos;amd64&apos;, os.version: &apos;10.0&apos;, java.version: &apos;1.8.0_151&apos;
Driver info: org.openqa.selenium.chrome.ChromeDriver
Capabilities {acceptSslCerts: true, applicationCacheEnabled: false, browserConnectionEnabled: false, browserName: chrome, chrome: {chromedriverVersion: 2.34.522940 (1a76f96f66e3ca..., userDataDir: C:\Users\Rabeka\AppData\Loc...}, cssSelectorsEnabled: true, databaseEnabled: false, handlesAlerts: true, hasTouchScreen: false, javascriptEnabled: true, locationContextEnabled: true, mobileEmulationEnabled: false, nativeEvents: true, networkConnectionEnabled: false, pageLoadStrategy: normal, platform: XP, platformName: XP, rotatable: false, setWindowRect: true, takesHeapSnapshot: true, takesScreenshot: true, unexpectedAlertBehaviour: , unhandledPromptBehavior: , version: 63.0.3239.132, webStorageEnabled: true}
Session ID: ae6241bbe34b217d3a74fe777b1be533
	at org.openqa.selenium.remote.ErrorHandler.createThrowable(ErrorHandler.java:214)
	at org.openqa.selenium.remote.ErrorHandler.throwIfResponseFailed(ErrorHandler.java:166)
	at org.openqa.selenium.remote.http.JsonHttpResponseCodec.reconstructValue(JsonHttpResponseCodec.java:40)
	at org.openqa.selenium.remote.http.AbstractHttpResponseCodec.decode(AbstractHttpResponseCodec.java:80)
	at org.openqa.selenium.remote.http.AbstractHttpResponseCodec.decode(AbstractHttpResponseCodec.java:44)
	at org.openqa.selenium.remote.HttpCommandExecutor.execute(HttpCommandExecutor.java:164)
	at org.openqa.selenium.remote.service.DriverCommandExecutor.execute(DriverCommandExecutor.java:83)
	at org.openqa.selenium.remote.RemoteWebDriver.execute(RemoteWebDriver.java:600)
	at org.openqa.selenium.remote.RemoteWebDriver.get(RemoteWebDriver.java:324)
	at base.CommonAPI.setUp(CommonAPI.java:109)
... Removed 36 stack frames
</div> <!-- stack-trace -->
                </div> <!-- method-content -->
              </div> <!-- method -->
              <div class="method">
                <div class="method-content">
                  <a name="testblankEmailInvalidPassword">
                  </a> <!-- testblankEmailInvalidPassword -->
                  <span class="method-name">testblankEmailInvalidPassword</span>
                  <div class="stack-trace">org.openqa.selenium.TimeoutException: timeout
  (Session info: chrome=63.0.3239.132)
  (Driver info: chromedriver=2.34.522940 (1a76f96f66e3ca7b8e57d503b4dd3bccfba87af1),platform=Windows NT 10.0.16299 x86_64) (WARNING: The server did not provide any stacktrace information)
Command duration or timeout: 0 milliseconds
Build info: version: &apos;3.7.1&apos;, revision: &apos;8a0099a&apos;, time: &apos;2017-11-06T21:01:39.354Z&apos;
System info: host: &apos;JAHID&apos;, ip: &apos;192.168.91.2&apos;, os.name: &apos;Windows 10&apos;, os.arch: &apos;amd64&apos;, os.version: &apos;10.0&apos;, java.version: &apos;1.8.0_151&apos;
Driver info: org.openqa.selenium.chrome.ChromeDriver
Capabilities {acceptSslCerts: true, applicationCacheEnabled: false, browserConnectionEnabled: false, browserName: chrome, chrome: {chromedriverVersion: 2.34.522940 (1a76f96f66e3ca..., userDataDir: C:\Users\Rabeka\AppData\Loc...}, cssSelectorsEnabled: true, databaseEnabled: false, handlesAlerts: true, hasTouchScreen: false, javascriptEnabled: true, locationContextEnabled: true, mobileEmulationEnabled: false, nativeEvents: true, networkConnectionEnabled: false, pageLoadStrategy: normal, platform: XP, platformName: XP, rotatable: false, setWindowRect: true, takesHeapSnapshot: true, takesScreenshot: true, unexpectedAlertBehaviour: , unhandledPromptBehavior: , version: 63.0.3239.132, webStorageEnabled: true}
Session ID: ae6241bbe34b217d3a74fe777b1be533
	at org.openqa.selenium.remote.ErrorHandler.createThrowable(ErrorHandler.java:214)
	at org.openqa.selenium.remote.ErrorHandler.throwIfResponseFailed(ErrorHandler.java:166)
	at org.openqa.selenium.remote.http.JsonHttpResponseCodec.reconstructValue(JsonHttpResponseCodec.java:40)
	at org.openqa.selenium.remote.http.AbstractHttpResponseCodec.decode(AbstractHttpResponseCodec.java:80)
	at org.openqa.selenium.remote.http.AbstractHttpResponseCodec.decode(AbstractHttpResponseCodec.java:44)
	at org.openqa.selenium.remote.HttpCommandExecutor.execute(HttpCommandExecutor.java:164)
	at org.openqa.selenium.remote.service.DriverCommandExecutor.execute(DriverCommandExecutor.java:83)
	at org.openqa.selenium.remote.RemoteWebDriver.execute(RemoteWebDriver.java:600)
	at org.openqa.selenium.remote.RemoteWebDriver.get(RemoteWebDriver.java:324)
	at base.CommonAPI.setUp(CommonAPI.java:109)
... Removed 36 stack frames
</div> <!-- stack-trace -->
                </div> <!-- method-content -->
              </div> <!-- method -->
            </div> <!-- main-panel-content rounded-window-bottom -->
          </div> <!-- suite-Twitter_Automation_Test-class-skipped -->
          <div class="suite-Twitter_Automation_Test-class-passed">
            <div class="main-panel-header rounded-window-top">
              <img src="passed.png"/>
              <span class="class-name">testHomePageObjects.TestHomePage</span>
            </div> <!-- main-panel-header rounded-window-top -->
            <div class="main-panel-content rounded-window-bottom">
              <div class="method">
                <div class="method-content">
                  <a name="testBlogLink">
                  </a> <!-- testBlogLink -->
                  <span class="method-name">testBlogLink</span>
                </div> <!-- method-content -->
              </div> <!-- method -->
              <div class="method">
                <div class="method-content">
                  <a name="testHelpCenterLink">
                  </a> <!-- testHelpCenterLink -->
                  <span class="method-name">testHelpCenterLink</span>
                </div> <!-- method-content -->
              </div> <!-- method -->
              <div class="method">
                <div class="method-content">
                  <a name="testHomePageText">
                  </a> <!-- testHomePageText -->
                  <span class="method-name">testHomePageText</span>
                </div> <!-- method-content -->
              </div> <!-- method -->
              <div class="method">
                <div class="method-content">
                  <a name="verifyTotalLinksHomePage">
                  </a> <!-- verifyTotalLinksHomePage -->
                  <span class="method-name">verifyTotalLinksHomePage</span>
                </div> <!-- method-content -->
              </div> <!-- method -->
            </div> <!-- main-panel-content rounded-window-bottom -->
          </div> <!-- suite-Twitter_Automation_Test-class-passed -->
        </div> <!-- panel Twitter_Automation_Test -->
        <div panel-name="test-xml-Twitter_Automation_Test" class="panel">
          <div class="main-panel-header rounded-window-top">
            <span class="header-content">C:\Users\Rabeka\IdeaProjects\Team_3_Framework_Project\Twitter\target\test-classes\TwitterTestRunner.xml</span>
          </div> <!-- main-panel-header rounded-window-top -->
          <div class="main-panel-content rounded-window-bottom">
            <pre>
&lt;?xml version=&quot;1.0&quot; encoding=&quot;UTF-8&quot;?&gt;
&lt;!DOCTYPE suite SYSTEM &quot;http://testng.org/testng-1.0.dtd&quot;&gt;
&lt;suite thread-count=&quot;-1&quot; guice-stage=&quot;DEVELOPMENT&quot; verbose=&quot;0&quot; name=&quot;Twitter Automation Test&quot;&gt;
  &lt;parameter name=&quot;useCloudEnv&quot; value=&quot;false&quot;/&gt;
  &lt;parameter name=&quot;os&quot; value=&quot;Windows&quot;/&gt;
  &lt;parameter name=&quot;os_version&quot; value=&quot;10&quot;/&gt;
  &lt;parameter name=&quot;browserVersion&quot; value=&quot;62.0&quot;/&gt;
  &lt;parameter name=&quot;browserName&quot; value=&quot;Chrome&quot;/&gt;
  &lt;parameter name=&quot;cloudEnvName&quot; value=&quot;browserstack&quot;/&gt;
  &lt;parameter name=&quot;url&quot; value=&quot;https://twitter.com/&quot;/&gt;
  &lt;test verbose=&quot;0&quot; name=&quot;Twitter Home&quot;&gt;
    &lt;classes&gt;
      &lt;class name=&quot;testHomePageObjects.TestHomePage&quot;/&gt;
      &lt;class name=&quot;testLoginPageObjects.testLoginPage&quot;/&gt;
      &lt;class name=&quot;testSettingsPageObjects.testSettingsPage&quot;/&gt;
    &lt;/classes&gt;
  &lt;/test&gt; &lt;!-- Twitter Home --&gt;
&lt;/suite&gt; &lt;!-- Twitter Automation Test --&gt;
            </pre>
          </div> <!-- main-panel-content rounded-window-bottom -->
        </div> <!-- panel -->
        <div panel-name="testlist-Twitter_Automation_Test" class="panel">
          <div class="main-panel-header rounded-window-top">
            <span class="header-content">Tests for Twitter Automation Test</span>
          </div> <!-- main-panel-header rounded-window-top -->
          <div class="main-panel-content rounded-window-bottom">
            <ul>
              <li>
                <span class="test-name">Twitter Home (3 classes)</span>
              </li>
            </ul>
          </div> <!-- main-panel-content rounded-window-bottom -->
        </div> <!-- panel -->
        <div panel-name="group-Twitter_Automation_Test" class="panel">
          <div class="main-panel-header rounded-window-top">
            <span class="header-content">Groups for Twitter Automation Test</span>
          </div> <!-- main-panel-header rounded-window-top -->
          <div class="main-panel-content rounded-window-bottom">
          </div> <!-- main-panel-content rounded-window-bottom -->
        </div> <!-- panel -->
        <div panel-name="times-Twitter_Automation_Test" class="panel">
          <div class="main-panel-header rounded-window-top">
            <span class="header-content">Times for Twitter Automation Test</span>
          </div> <!-- main-panel-header rounded-window-top -->
          <div class="main-panel-content rounded-window-bottom">
            <div class="times-div">
              <script type="text/javascript">
suiteTableInitFunctions.push('tableData_Twitter_Automation_Test');
function tableData_Twitter_Automation_Test() {
var data = new google.visualization.DataTable();
data.addColumn('number', 'Number');
data.addColumn('string', 'Method');
data.addColumn('string', 'Class');
data.addColumn('number', 'Time (ms)');
data.addRows(13);
data.setCell(0, 0, 0)
data.setCell(0, 1, 'testBlankEmailPassword')
data.setCell(0, 2, 'testLoginPageObjects.testLoginPage')
data.setCell(0, 3, 47834);
data.setCell(1, 0, 1)
data.setCell(1, 1, 'verifyTotalLinksHomePage')
data.setCell(1, 2, 'testHomePageObjects.TestHomePage')
data.setCell(1, 3, 23771);
data.setCell(2, 0, 2)
data.setCell(2, 1, 'testHeroImage')
data.setCell(2, 2, 'testHomePageObjects.TestHomePage')
data.setCell(2, 3, 22976);
data.setCell(3, 0, 3)
data.setCell(3, 1, 'testHelpCenterLink')
data.setCell(3, 2, 'testHomePageObjects.TestHomePage')
data.setCell(3, 3, 2456);
data.setCell(4, 0, 4)
data.setCell(4, 1, 'testHomePageText')
data.setCell(4, 2, 'testHomePageObjects.TestHomePage')
data.setCell(4, 3, 2206);
data.setCell(5, 0, 5)
data.setCell(5, 1, 'testListSortBy')
data.setCell(5, 2, 'testHomePageObjects.TestHomePage')
data.setCell(5, 3, 2170);
data.setCell(6, 0, 6)
data.setCell(6, 1, 'testBlogLink')
data.setCell(6, 2, 'testHomePageObjects.TestHomePage')
data.setCell(6, 3, 1946);
data.setCell(7, 0, 7)
data.setCell(7, 1, 'testPersonlizeCheckBox')
data.setCell(7, 2, 'testSettingsPageObjects.testSettingsPage')
data.setCell(7, 3, 0);
data.setCell(8, 0, 8)
data.setCell(8, 1, 'testInvalidEmailBlankPassword')
data.setCell(8, 2, 'testLoginPageObjects.testLoginPage')
data.setCell(8, 3, 0);
data.setCell(9, 0, 9)
data.setCell(9, 1, 'testInvalidEmailInvalidPassword')
data.setCell(9, 2, 'testLoginPageObjects.testLoginPage')
data.setCell(9, 3, 0);
data.setCell(10, 0, 10)
data.setCell(10, 1, 'testPersonlizeDevicesCheckBox')
data.setCell(10, 2, 'testSettingsPageObjects.testSettingsPage')
data.setCell(10, 3, 0);
data.setCell(11, 0, 11)
data.setCell(11, 1, 'testTrackTwitterCheckBox')
data.setCell(11, 2, 'testSettingsPageObjects.testSettingsPage')
data.setCell(11, 3, 0);
data.setCell(12, 0, 12)
data.setCell(12, 1, 'testblankEmailInvalidPassword')
data.setCell(12, 2, 'testLoginPageObjects.testLoginPage')
data.setCell(12, 3, 0);
window.suiteTableData['Twitter_Automation_Test']= { tableData: data, tableDiv: 'times-div-Twitter_Automation_Test'}
return data;
}
              </script>
              <span class="suite-total-time">Total running time: 1 minutes</span>
              <div id="times-div-Twitter_Automation_Test">
              </div> <!-- times-div-Twitter_Automation_Test -->
            </div> <!-- times-div -->
          </div> <!-- main-panel-content rounded-window-bottom -->
        </div> <!-- panel -->
        <div panel-name="reporter-Twitter_Automation_Test" class="panel">
          <div class="main-panel-header rounded-window-top">
            <span class="header-content">Reporter output for Twitter Automation Test</span>
          </div> <!-- main-panel-header rounded-window-top -->
          <div class="main-panel-content rounded-window-bottom">
          </div> <!-- main-panel-content rounded-window-bottom -->
        </div> <!-- panel -->
        <div panel-name="ignored-methods-Twitter_Automation_Test" class="panel">
          <div class="main-panel-header rounded-window-top">
            <span class="header-content">4 ignored methods</span>
          </div> <!-- main-panel-header rounded-window-top -->
          <div class="main-panel-content rounded-window-bottom">
            <div class="ignored-class-div">
              <span class="ignored-class-name">testSettingsPageObjects.testSettingsPage</span>
              <div class="ignored-methods-div">
                <span class="ignored-method-name">generateReport</span>
                <br/>
                <span class="ignored-method-name">extentSetup</span>
                <br/>
              </div> <!-- ignored-methods-div -->
            </div> <!-- ignored-class-div -->
            <div class="ignored-class-div">
              <span class="ignored-class-name">testLoginPageObjects.testLoginPage</span>
              <div class="ignored-methods-div">
                <span class="ignored-method-name">generateReport</span>
                <br/>
                <span class="ignored-method-name">extentSetup</span>
                <br/>
              </div> <!-- ignored-methods-div -->
            </div> <!-- ignored-class-div -->
          </div> <!-- main-panel-content rounded-window-bottom -->
        </div> <!-- panel -->
        <div panel-name="chronological-Twitter_Automation_Test" class="panel">
          <div class="main-panel-header rounded-window-top">
            <span class="header-content">Methods in chronological order</span>
          </div> <!-- main-panel-header rounded-window-top -->
          <div class="main-panel-content rounded-window-bottom">
            <div class="chronological-class">
              <div class="chronological-class-name">testLoginPageObjects.testLoginPage</div> <!-- chronological-class-name -->
              <div class="test-method">
                <span class="method-name">testInvalidEmailBlankPassword</span>
                <span class="method-start">0 ms</span>
              </div> <!-- test-method -->
              <div class="test-method">
                <span class="method-name">testInvalidEmailInvalidPassword</span>
                <span class="method-start">0 ms</span>
              </div> <!-- test-method -->
              <div class="test-method">
                <span class="method-name">testblankEmailInvalidPassword</span>
                <span class="method-start">0 ms</span>
              </div> <!-- test-method -->
            </div> <!-- chronological-class -->
            <div class="chronological-class">
              <div class="chronological-class-name">testSettingsPageObjects.testSettingsPage</div> <!-- chronological-class-name -->
              <div class="test-method">
                <span class="method-name">testPersonlizeCheckBox</span>
                <span class="method-start">0 ms</span>
              </div> <!-- test-method -->
              <div class="test-method">
                <span class="method-name">testPersonlizeDevicesCheckBox</span>
                <span class="method-start">0 ms</span>
              </div> <!-- test-method -->
              <div class="test-method">
                <span class="method-name">testTrackTwitterCheckBox</span>
                <span class="method-start">0 ms</span>
              </div> <!-- test-method -->
            </div> <!-- chronological-class -->
            <div class="chronological-class">
              <div class="chronological-class-name">testHomePageObjects.TestHomePage</div> <!-- chronological-class-name -->
              <div class="configuration-suite before">
                <span class="method-name">extentSetup(org.testng.TestRunner@5fcacc0)</span>
                <span class="method-start">0 ms</span>
              </div> <!-- configuration-suite before -->
              <div class="configuration-method before">
                <span class="method-name">setUp(false, browserstack, Windows, 10, Chrome, 62.0, https://twitter.com/)</span>
                <span class="method-start">2419 ms</span>
              </div> <!-- configuration-method before -->
              <div class="configuration-method before">
                <span class="method-name">startExtent(public void testHomePageObjects.TestHomePage.testBlogLink())</span>
                <span class="method-start">25575 ms</span>
              </div> <!-- configuration-method before -->
              <div class="configuration-method before">
                <span class="method-name">initializePageObjects</span>
                <span class="method-start">25597 ms</span>
              </div> <!-- configuration-method before -->
              <div class="test-method">
                <span class="method-name">testBlogLink</span>
                <span class="method-start">26055 ms</span>
              </div> <!-- test-method -->
              <div class="configuration-method after">
                <span class="method-name">afterEachTestMethod([TestResult name=testBlogLink status=SUCCESS method=TestHomePage.testBlogLink()[pri:0, instance:test...)</span>
                <span class="method-start">28004 ms</span>
              </div> <!-- configuration-method after -->
              <div class="configuration-method after">
                <span class="method-name">closeOut</span>
                <span class="method-start">33602 ms</span>
              </div> <!-- configuration-method after -->
              <div class="configuration-method before">
                <span class="method-name">setUp(false, browserstack, Windows, 10, Chrome, 62.0, https://twitter.com/)</span>
                <span class="method-start">33605 ms</span>
              </div> <!-- configuration-method before -->
              <div class="configuration-method before">
                <span class="method-name">startExtent(public void testHomePageObjects.TestHomePage.testHelpCenterLink())</span>
                <span class="method-start">51560 ms</span>
              </div> <!-- configuration-method before -->
              <div class="configuration-method before">
                <span class="method-name">initializePageObjects</span>
                <span class="method-start">51561 ms</span>
              </div> <!-- configuration-method before -->
              <div class="test-method">
                <span class="method-name">testHelpCenterLink</span>
                <span class="method-start">51571 ms</span>
              </div> <!-- test-method -->
              <div class="configuration-method after">
                <span class="method-name">afterEachTestMethod([TestResult name=testHelpCenterLink status=SUCCESS method=TestHomePage.testHelpCenterLink()[pri:0, i...)</span>
                <span class="method-start">54028 ms</span>
              </div> <!-- configuration-method after -->
              <div class="configuration-method after">
                <span class="method-name">closeOut</span>
                <span class="method-start">57910 ms</span>
              </div> <!-- configuration-method after -->
              <div class="configuration-method before">
                <span class="method-name">setUp(false, browserstack, Windows, 10, Chrome, 62.0, https://twitter.com/)</span>
                <span class="method-start">57912 ms</span>
              </div> <!-- configuration-method before -->
              <div class="configuration-method before">
                <span class="method-name">startExtent(public void testHomePageObjects.TestHomePage.testHeroImage())</span>
                <span class="method-start">71784 ms</span>
              </div> <!-- configuration-method before -->
              <div class="configuration-method before">
                <span class="method-name">initializePageObjects</span>
                <span class="method-start">71785 ms</span>
              </div> <!-- configuration-method before -->
              <div class="test-method">
                <img src="failed.png">
                </img>
                <span class="method-name">testHeroImage</span>
                <span class="method-start">71791 ms</span>
              </div> <!-- test-method -->
              <div class="configuration-method after">
                <span class="method-name">afterEachTestMethod([TestResult name=testHeroImage status=FAILURE method=TestHomePage.testHeroImage()[pri:0, instance:te...)</span>
                <span class="method-start">94804 ms</span>
              </div> <!-- configuration-method after -->
              <div class="configuration-method after">
                <span class="method-name">closeOut</span>
                <span class="method-start">100628 ms</span>
              </div> <!-- configuration-method after -->
              <div class="configuration-method before">
                <span class="method-name">setUp(false, browserstack, Windows, 10, Chrome, 62.0, https://twitter.com/)</span>
                <span class="method-start">100630 ms</span>
              </div> <!-- configuration-method before -->
              <div class="configuration-method before">
                <span class="method-name">startExtent(public void testHomePageObjects.TestHomePage.testHomePageText())</span>
                <span class="method-start">116637 ms</span>
              </div> <!-- configuration-method before -->
              <div class="configuration-method before">
                <span class="method-name">initializePageObjects</span>
                <span class="method-start">116638 ms</span>
              </div> <!-- configuration-method before -->
              <div class="test-method">
                <span class="method-name">testHomePageText</span>
                <span class="method-start">116642 ms</span>
              </div> <!-- test-method -->
              <div class="configuration-method after">
                <span class="method-name">afterEachTestMethod([TestResult name=testHomePageText status=SUCCESS method=TestHomePage.testHomePageText()[pri:0, insta...)</span>
                <span class="method-start">118849 ms</span>
              </div> <!-- configuration-method after -->
              <div class="configuration-method after">
                <span class="method-name">closeOut</span>
                <span class="method-start">121500 ms</span>
              </div> <!-- configuration-method after -->
              <div class="configuration-method before">
                <span class="method-name">setUp(false, browserstack, Windows, 10, Chrome, 62.0, https://twitter.com/)</span>
                <span class="method-start">121502 ms</span>
              </div> <!-- configuration-method before -->
              <div class="configuration-method before">
                <span class="method-name">startExtent(public void testHomePageObjects.TestHomePage.testListSortBy())</span>
                <span class="method-start">136055 ms</span>
              </div> <!-- configuration-method before -->
              <div class="configuration-method before">
                <span class="method-name">initializePageObjects</span>
                <span class="method-start">136056 ms</span>
              </div> <!-- configuration-method before -->
              <div class="test-method">
                <img src="failed.png">
                </img>
                <span class="method-name">testListSortBy</span>
                <span class="method-start">136061 ms</span>
              </div> <!-- test-method -->
              <div class="configuration-method after">
                <span class="method-name">afterEachTestMethod([TestResult name=testListSortBy status=FAILURE method=TestHomePage.testListSortBy()[pri:0, instance:...)</span>
                <span class="method-start">138280 ms</span>
              </div> <!-- configuration-method after -->
              <div class="configuration-method after">
                <span class="method-name">closeOut</span>
                <span class="method-start">142908 ms</span>
              </div> <!-- configuration-method after -->
              <div class="configuration-method before">
                <span class="method-name">setUp(false, browserstack, Windows, 10, Chrome, 62.0, https://twitter.com/)</span>
                <span class="method-start">142910 ms</span>
              </div> <!-- configuration-method before -->
              <div class="configuration-method before">
                <span class="method-name">startExtent(public void testHomePageObjects.TestHomePage.verifyTotalLinksHomePage())</span>
                <span class="method-start">158977 ms</span>
              </div> <!-- configuration-method before -->
              <div class="configuration-method before">
                <span class="method-name">initializePageObjects</span>
                <span class="method-start">158979 ms</span>
              </div> <!-- configuration-method before -->
              <div class="test-method">
                <span class="method-name">verifyTotalLinksHomePage</span>
                <span class="method-start">158984 ms</span>
              </div> <!-- test-method -->
              <div class="configuration-method after">
                <span class="method-name">afterEachTestMethod([TestResult name=verifyTotalLinksHomePage status=SUCCESS method=TestHomePage.verifyTotalLinksHomePag...)</span>
                <span class="method-start">182756 ms</span>
              </div> <!-- configuration-method after -->
              <div class="configuration-method after">
                <span class="method-name">closeOut</span>
                <span class="method-start">187248 ms</span>
              </div> <!-- configuration-method after -->
            </div> <!-- chronological-class -->
            <div class="chronological-class">
              <div class="chronological-class-name">testLoginPageObjects.testLoginPage</div> <!-- chronological-class-name -->
              <div class="configuration-method before">
                <span class="method-name">setUp(false, browserstack, Windows, 10, Chrome, 62.0, https://twitter.com/)</span>
                <span class="method-start">187259 ms</span>
              </div> <!-- configuration-method before -->
              <div class="configuration-method before">
                <span class="method-name">startExtent(public void testLoginPageObjects.testLoginPage.testBlankEmailPassword())</span>
                <span class="method-start">215920 ms</span>
              </div> <!-- configuration-method before -->
              <div class="configuration-method before">
                <span class="method-name">initializePageObjects</span>
                <span class="method-start">215921 ms</span>
              </div> <!-- configuration-method before -->
              <div class="test-method">
                <img src="failed.png">
                </img>
                <span class="method-name">testBlankEmailPassword</span>
                <span class="method-start">215930 ms</span>
              </div> <!-- test-method -->
              <div class="configuration-method after">
                <span class="method-name">afterEachTestMethod([TestResult name=testBlankEmailPassword status=FAILURE method=testLoginPage.testBlankEmailPassword()...)</span>
                <span class="method-start">263768 ms</span>
              </div> <!-- configuration-method after -->
              <div class="configuration-method after">
                <span class="method-name">closeOut</span>
                <span class="method-start">268666 ms</span>
              </div> <!-- configuration-method after -->
              <div class="configuration-method before">
                <img src="failed.png">
                </img>
                <span class="method-name">setUp(false, browserstack, Windows, 10, Chrome, 62.0, https://twitter.com/)</span>
                <span class="method-start">268668 ms</span>
              </div> <!-- configuration-method before -->
          </div> <!-- main-panel-content rounded-window-bottom -->
        </div> <!-- panel -->
      </div> <!-- main-panel-root -->
    </div> <!-- wrapper -->
  </body>
</html>
