<?xml version="1.0" encoding="UTF-8"?>
<!-- Generated by org.testng.reporters.JUnitReportReporter -->
<testsuite skipped="0" hostname="Alistair" name="testCases.TestPersonalPage" tests="35" failures="0" timestamp="22 Jan 2018 22:42:44 GMT" time="667.550" errors="1">
  <testcase name="testFindDoctor" time="23.492" classname="testCases.TestPersonalPage"/>
  <testcase name="testIndividualFamilyPlan" time="14.828" classname="testCases.TestPersonalPage"/>
  <testcase name="testSearchBar" time="17.931" classname="testCases.TestPersonalPage"/>
  <testcase name="testCignaMedicare" time="17.374" classname="testCases.TestPersonalPage"/>
  <testcase name="testInternationalIndividualPlan" time="18.316" classname="testCases.TestPersonalPage"/>
  <testcase name="testOfferCignaThroughWork" time="14.909" classname="testCases.TestPersonalPage"/>
  <testcase name="testHealthWellness" time="15.214" classname="testCases.TestPersonalPage"/>
  <testcase name="testMainLogo" time="14.999" classname="testCases.TestPersonalPage"/>
  <testcase name="testMoreInformation" time="18.480" classname="testCases.TestPersonalPage"/>
  <testcase name="testViewDetails" time="17.796" classname="testCases.TestPersonalPage"/>
  <testcase name="testSeeVideo" time="23.422" classname="testCases.TestPersonalPage">
    <error type="org.openqa.selenium.StaleElementReferenceException" message="stale element reference: element is not attached to the page document
  (Session info: chrome=62.0.3202.62)
  (Driver info: chromedriver=2.33.506120 (e3e53437346286c0bc2d2dc9aa4915ba81d9023f),platform=Windows NT 10.0.15063 x86_64) (WARNING: The server did not provide any stacktrace information)
Command duration or timeout: 13 milliseconds
For documentation on this error, please visit: http://seleniumhq.org/exceptions/stale_element_reference.html
Build info: version: &#039;2.53.0&#039;, revision: &#039;35ae25b&#039;, time: &#039;2016-03-15 17:00:58&#039;
System info: host: &#039;199-7-164-39&#039;, ip: &#039;199.7.164.39&#039;, os.name: &#039;windows&#039;, os.arch: &#039;x86&#039;, os.version: &#039;10.0&#039;, java.version: &#039;1.8.0_151&#039;
Driver info: org.openqa.selenium.chrome.ChromeDriver
Capabilities [{applicationCacheEnabled=false, rotatable=false, mobileEmulationEnabled=false, networkConnectionEnabled=false, chrome={chromedriverVersion=2.33.506120 (e3e53437346286c0bc2d2dc9aa4915ba81d9023f), userDataDir=C:\Windows\proxy\scoped_dir2104_12806}, takesHeapSnapshot=true, pageLoadStrategy=normal, databaseEnabled=false, handlesAlerts=true, hasTouchScreen=false, version=62.0.3202.62, platform=XP, browserConnectionEnabled=false, nativeEvents=true, acceptSslCerts=true, locationContextEnabled=true, webStorageEnabled=true, browserName=chrome, takesScreenshot=true, javascriptEnabled=true, cssSelectorsEnabled=true, setWindowRect=true, unexpectedAlertBehaviour=}]
Session ID: 95dd72d7be4b404b488c70dfcdd28df5
Command duration or timeout: 0 milliseconds">
      <![CDATA[org.openqa.selenium.StaleElementReferenceException: stale element reference: element is not attached to the page document  (Session info: chrome=62.0.3202.62)  (Driver info: chromedriver=2.33.506120 (e3e53437346286c0bc2d2dc9aa4915ba81d9023f),platform=Windows NT 10.0.15063 x86_64) (WARNING: The server did not provide any stacktrace information)Command duration or timeout: 13 millisecondsFor documentation on this error, please visit: http://seleniumhq.org/exceptions/stale_element_reference.htmlBuild info: version: '2.53.0', revision: '35ae25b', time: '2016-03-15 17:00:58'System info: host: '199-7-164-39', ip: '199.7.164.39', os.name: 'windows', os.arch: 'x86', os.version: '10.0', java.version: '1.8.0_151'Driver info: org.openqa.selenium.chrome.ChromeDriverCapabilities [{applicationCacheEnabled=false, rotatable=false, mobileEmulationEnabled=false, networkConnectionEnabled=false, chrome={chromedriverVersion=2.33.506120 (e3e53437346286c0bc2d2dc9aa4915ba81d9023f), userDataDir=C:\Windows\proxy\scoped_dir2104_12806}, takesHeapSnapshot=true, pageLoadStrategy=normal, databaseEnabled=false, handlesAlerts=true, hasTouchScreen=false, version=62.0.3202.62, platform=XP, browserConnectionEnabled=false, nativeEvents=true, acceptSslCerts=true, locationContextEnabled=true, webStorageEnabled=true, browserName=chrome, takesScreenshot=true, javascriptEnabled=true, cssSelectorsEnabled=true, setWindowRect=true, unexpectedAlertBehaviour=}]Session ID: 95dd72d7be4b404b488c70dfcdd28df5Command duration or timeout: 0 millisecondsat sun.reflect.NativeConstructorAccessorImpl.newInstance0(Native Method)at sun.reflect.NativeConstructorAccessorImpl.newInstance(NativeConstructorAccessorImpl.java:62)at sun.reflect.DelegatingConstructorAccessorImpl.newInstance(DelegatingConstructorAccessorImpl.java:45)at java.lang.reflect.Constructor.newInstance(Constructor.java:423)at org.openqa.selenium.remote.ErrorHandler.createThrowable(ErrorHandler.java:214)at org.openqa.selenium.remote.ErrorHandler.throwIfResponseFailed(ErrorHandler.java:166)at org.openqa.selenium.remote.http.JsonHttpResponseCodec.reconstructValue(JsonHttpResponseCodec.java:40)at org.openqa.selenium.remote.http.AbstractHttpResponseCodec.decode(AbstractHttpResponseCodec.java:80)at org.openqa.selenium.remote.http.AbstractHttpResponseCodec.decode(AbstractHttpResponseCodec.java:44)at org.openqa.selenium.remote.HttpCommandExecutor.execute(HttpCommandExecutor.java:164)at org.openqa.selenium.remote.RemoteWebDriver.execute(RemoteWebDriver.java:600)at org.openqa.selenium.remote.RemoteWebElement.execute(RemoteWebElement.java:279)at org.openqa.selenium.remote.RemoteWebElement.isDisplayed(RemoteWebElement.java:320)at sun.reflect.NativeMethodAccessorImpl.invoke0(Native Method)at sun.reflect.NativeMethodAccessorImpl.invoke(NativeMethodAccessorImpl.java:62)at sun.reflect.DelegatingMethodAccessorImpl.invoke(DelegatingMethodAccessorImpl.java:43)at java.lang.reflect.Method.invoke(Method.java:498)at org.openqa.selenium.support.pagefactory.internal.LocatingElementHandler.invoke(LocatingElementHandler.java:51)at com.sun.proxy.$Proxy12.isDisplayed(Unknown Source)at page_objects.PersonalPage.seeV(PersonalPage.java:148)at testCases.TestPersonalPage.testSeeVideo(TestPersonalPage.java:66)at sun.reflect.NativeMethodAccessorImpl.invoke0(Native Method)at sun.reflect.NativeMethodAccessorImpl.invoke(NativeMethodAccessorImpl.java:62)at sun.reflect.DelegatingMethodAccessorImpl.invoke(DelegatingMethodAccessorImpl.java:43)at java.lang.reflect.Method.invoke(Method.java:498)at org.testng.internal.MethodInvocationHelper.invokeMethod(MethodInvocationHelper.java:124)at org.testng.internal.Invoker.invokeMethod(Invoker.java:571)at org.testng.internal.Invoker.invokeTestMethod(Invoker.java:707)at org.testng.internal.Invoker.invokeTestMethods(Invoker.java:979)at org.testng.internal.TestMethodWorker.invokeTestMethods(TestMethodWorker.java:125)at org.testng.internal.TestMethodWorker.run(TestMethodWorker.java:109)at org.testng.TestRunner.privateRun(TestRunner.java:648)at org.testng.TestRunner.run(TestRunner.java:505)at org.testng.SuiteRunner.runTest(SuiteRunner.java:455)at org.testng.SuiteRunner.runSequentially(SuiteRunner.java:450)at org.testng.SuiteRunner.privateRun(SuiteRunner.java:415)at org.testng.SuiteRunner.run(SuiteRunner.java:364)at org.testng.SuiteRunnerWorker.runSuite(SuiteRunnerWorker.java:52)at org.testng.SuiteRunnerWorker.run(SuiteRunnerWorker.java:84)at org.testng.TestNG.runSuitesSequentially(TestNG.java:1187)at org.testng.TestNG.runSuitesLocally(TestNG.java:1116)at org.testng.TestNG.runSuites(TestNG.java:1028)at org.testng.TestNG.run(TestNG.java:996)at org.testng.IDEARemoteTestNG.run(IDEARemoteTestNG.java:72)at org.testng.RemoteTestNGStarter.main(RemoteTestNGStarter.java:123)Caused by: org.openqa.selenium.remote.ScreenshotException: Screen shot has been takenat org.openqa.selenium.remote.ErrorHandler.throwIfResponseFailed(ErrorHandler.java:140)... 39 moreCaused by: org.openqa.selenium.StaleElementReferenceException: stale element reference: element is not attached to the page document  (Session info: chrome=62.0.3202.62)  (Driver info: chromedriver=2.33.506120 (e3e53437346286c0bc2d2dc9aa4915ba81d9023f),platform=Windows NT 10.0.15063 x86_64) (WARNING: The server did not provide any stacktrace information)Command duration or timeout: 13 millisecondsFor documentation on this error, please visit: http://seleniumhq.org/exceptions/stale_element_reference.htmlBuild info: version: '2.53.0', revision: '35ae25b', time: '2016-03-15 17:00:58'System info: host: '199-7-164-39', ip: '199.7.164.39', os.name: 'windows', os.arch: 'x86', os.version: '10.0', java.version: '1.8.0_151'Driver info: org.openqa.selenium.chrome.ChromeDriverCapabilities [{applicationCacheEnabled=false, rotatable=false, mobileEmulationEnabled=false, networkConnectionEnabled=false, chrome={chromedriverVersion=2.33.506120 (e3e53437346286c0bc2d2dc9aa4915ba81d9023f), userDataDir=C:\Windows\proxy\scoped_dir2104_12806}, takesHeapSnapshot=true, pageLoadStrategy=normal, databaseEnabled=false, handlesAlerts=true, hasTouchScreen=false, version=62.0.3202.62, platform=XP, browserConnectionEnabled=false, nativeEvents=true, acceptSslCerts=true, locationContextEnabled=true, webStorageEnabled=true, browserName=chrome, takesScreenshot=true, javascriptEnabled=true, cssSelectorsEnabled=true, setWindowRect=true, unexpectedAlertBehaviour=}]Session ID: 95dd72d7be4b404b488c70dfcdd28df5For documentation on this error, please visit: http://seleniumhq.org/exceptions/stale_element_reference.htmlBuild info: version: '3.7.1', revision: '8a0099a', time: '2017-11-06T21:01:39.354Z'System info: host: 'ALISTAIR', ip: '192.168.74.1', os.name: 'Windows 8.1', os.arch: 'amd64', os.version: '6.3', java.version: '1.8.0_144'Driver info: driver.version: RemoteWebDriverat sun.reflect.NativeConstructorAccessorImpl.newInstance0(Native Method)at sun.reflect.NativeConstructorAccessorImpl.newInstance(Unknown Source)at sun.reflect.DelegatingConstructorAccessorImpl.newInstance(Unknown Source)at java.lang.reflect.Constructor.newInstance(Unknown Source)at org.openqa.selenium.remote.ErrorHandler.createThrowable(ErrorHandler.java:206)at org.openqa.selenium.remote.ErrorHandler.throwIfResponseFailed(ErrorHandler.java:158)at org.openqa.selenium.remote.RemoteWebDriver.execute(RemoteWebDriver.java:678)at org.openqa.selenium.remote.RemoteWebElement.execute(RemoteWebElement.java:327)at org.openqa.selenium.remote.RemoteWebElement.isDisplayed(RemoteWebElement.java:368)at sun.reflect.NativeMethodAccessorImpl.invoke0(Native Method)at sun.reflect.NativeMethodAccessorImpl.invoke(Unknown Source)at sun.reflect.DelegatingMethodAccessorImpl.invoke(Unknown Source)at java.lang.reflect.Method.invoke(Unknown Source)at org.openqa.selenium.support.events.EventFiringWebDriver$EventFiringWebElement$1.invoke(EventFiringWebDriver.java:335)at com.sun.proxy.$Proxy2.isDisplayed(Unknown Source)at org.openqa.selenium.support.events.EventFiringWebDriver$EventFiringWebElement.isDisplayed(EventFiringWebDriver.java:389)at sun.reflect.NativeMethodAccessorImpl.invoke0(Native Method)at sun.reflect.NativeMethodAccessorImpl.invoke(Unknown Source)at sun.reflect.DelegatingMethodAccessorImpl.invoke(Unknown Source)at java.lang.reflect.Method.invoke(Unknown Source)at org.openqa.selenium.remote.server.KnownElements$1.invoke(KnownElements.java:64)at com.sun.proxy.$Proxy3.isDisplayed(Unknown Source)at org.openqa.selenium.remote.server.handler.GetElementDisplayed.call(GetElementDisplayed.java:32)at org.openqa.selenium.remote.server.handler.GetElementDisplayed.call(GetElementDisplayed.java:1)at java.util.concurrent.FutureTask.run(Unknown Source)at org.openqa.selenium.remote.server.DefaultSession$1.run(DefaultSession.java:176)at java.util.concurrent.ThreadPoolExecutor.runWorker(Unknown Source)at java.util.concurrent.ThreadPoolExecutor$Worker.run(Unknown Source)at java.lang.Thread.run(Unknown Source)]]>
    </error>
  </testcase> <!-- testSeeVideo -->
  <testcase name="testHearWhatYouNeed" time="21.675" classname="testCases.TestPersonalPage"/>
  <testcase name="testDownloadAPP" time="23.671" classname="testCases.TestPersonalPage"/>
  <testcase name="testListenNow" time="15.681" classname="testCases.TestPersonalPage"/>
  <testcase name="testReadMore" time="24.019" classname="testCases.TestPersonalPage"/>
  <testcase name="testNews" time="14.517" classname="testCases.TestPersonalPage"/>
  <testcase name="testInvestors" time="15.738" classname="testCases.TestPersonalPage"/>
  <testcase name="testCoperate" time="15.610" classname="testCases.TestPersonalPage"/>
  <testcase name="testFindADoctor" time="18.473" classname="testCases.TestPersonalPage"/>
  <testcase name="testInformedOnReport" time="21.316" classname="testCases.TestPersonalPage"/>
  <testcase name="testMopileApp" time="19.826" classname="testCases.TestPersonalPage"/>
  <testcase name="testContactAs" time="16.021" classname="testCases.TestPersonalPage"/>
  <testcase name="testFeedback" time="23.380" classname="testCases.TestPersonalPage"/>
  <testcase name="testLinkedin" time="20.577" classname="testCases.TestPersonalPage"/>
  <testcase name="testFacebook" time="20.167" classname="testCases.TestPersonalPage"/>
  <testcase name="testTwitter" time="20.229" classname="testCases.TestPersonalPage"/>
  <testcase name="testYoutube" time="18.756" classname="testCases.TestPersonalPage"/>
  <testcase name="testGoogle" time="19.394" classname="testCases.TestPersonalPage"/>
  <testcase name="testPinIntrest" time="21.843" classname="testCases.TestPersonalPage"/>
  <testcase name="testWeibo" time="17.238" classname="testCases.TestPersonalPage"/>
  <testcase name="testInstragram" time="20.908" classname="testCases.TestPersonalPage"/>
  <testcase name="testViewAll" time="32.290" classname="testCases.TestPersonalPage"/>
  <testcase name="testNorton" time="21.135" classname="testCases.TestPersonalPage"/>
  <testcase name="testFeedbackSideLink" time="13.357" classname="testCases.TestPersonalPage"/>
  <testcase name="testSign" time="14.968" classname="testCases.TestPersonalPage"/>
</testsuite> <!-- testCases.TestPersonalPage -->
