<?xml version="1.0" encoding="UTF-8"?>
<!-- Generated by org.testng.reporters.JUnitReportReporter -->
<testsuite skipped="16" hostname="DESKTOP-N7G69G5" name="testCases.TestFooterPage" tests="17" failures="0" timestamp="11 Jan 2018 05:42:14 GMT" time="56.861" errors="1">
  <testcase name="testFooterEmail" time="56.861" classname="testCases.TestFooterPage">
    <error type="org.openqa.selenium.NoSuchElementException" message="no such element: Unable to locate element: {&quot;method&quot;:&quot;xpath&quot;,&quot;selector&quot;:&quot;//div[@class=&#039;footerEmailSignup__signUpMessage--text&#039;]&quot;}
  (Session info: chrome=63.0.3239.132)
  (Driver info: chromedriver=2.34.522940 (1a76f96f66e3ca7b8e57d503b4dd3bccfba87af1),platform=Windows NT 10.0.16299 x86_64) (WARNING: The server did not provide any stacktrace information)
Command duration or timeout: 0 milliseconds
For documentation on this error, please visit: http://seleniumhq.org/exceptions/no_such_element.html
Build info: version: &#039;3.7.1&#039;, revision: &#039;8a0099a&#039;, time: &#039;2017-11-06T21:01:39.354Z&#039;
System info: host: &#039;DESKTOP-N7G69G5&#039;, ip: &#039;192.168.237.1&#039;, os.name: &#039;Windows 10&#039;, os.arch: &#039;amd64&#039;, os.version: &#039;10.0&#039;, java.version: &#039;1.8.0_141&#039;
Driver info: org.openqa.selenium.chrome.ChromeDriver
Capabilities {acceptSslCerts: true, applicationCacheEnabled: false, browserConnectionEnabled: false, browserName: chrome, chrome: {chromedriverVersion: 2.34.522940 (1a76f96f66e3ca..., userDataDir: C:\Users\razbi\AppData\Loca...}, cssSelectorsEnabled: true, databaseEnabled: false, handlesAlerts: true, hasTouchScreen: false, javascriptEnabled: true, locationContextEnabled: true, mobileEmulationEnabled: false, nativeEvents: true, networkConnectionEnabled: false, pageLoadStrategy: normal, platform: XP, platformName: XP, rotatable: false, setWindowRect: true, takesHeapSnapshot: true, takesScreenshot: true, unexpectedAlertBehaviour: , unhandledPromptBehavior: , version: 63.0.3239.132, webStorageEnabled: true}
Session ID: 8aa9baed35e54b67b1d24e7bb5b16c58
*** Element info: {Using=xpath, value=//div[@class=&#039;footerEmailSignup__signUpMessage--text&#039;]}">
      <![CDATA[org.openqa.selenium.NoSuchElementException: no such element: Unable to locate element: {"method":"xpath","selector":"//div[@class='footerEmailSignup__signUpMessage--text']"}  (Session info: chrome=63.0.3239.132)  (Driver info: chromedriver=2.34.522940 (1a76f96f66e3ca7b8e57d503b4dd3bccfba87af1),platform=Windows NT 10.0.16299 x86_64) (WARNING: The server did not provide any stacktrace information)Command duration or timeout: 0 millisecondsFor documentation on this error, please visit: http://seleniumhq.org/exceptions/no_such_element.htmlBuild info: version: '3.7.1', revision: '8a0099a', time: '2017-11-06T21:01:39.354Z'System info: host: 'DESKTOP-N7G69G5', ip: '192.168.237.1', os.name: 'Windows 10', os.arch: 'amd64', os.version: '10.0', java.version: '1.8.0_141'Driver info: org.openqa.selenium.chrome.ChromeDriverCapabilities {acceptSslCerts: true, applicationCacheEnabled: false, browserConnectionEnabled: false, browserName: chrome, chrome: {chromedriverVersion: 2.34.522940 (1a76f96f66e3ca..., userDataDir: C:\Users\razbi\AppData\Loca...}, cssSelectorsEnabled: true, databaseEnabled: false, handlesAlerts: true, hasTouchScreen: false, javascriptEnabled: true, locationContextEnabled: true, mobileEmulationEnabled: false, nativeEvents: true, networkConnectionEnabled: false, pageLoadStrategy: normal, platform: XP, platformName: XP, rotatable: false, setWindowRect: true, takesHeapSnapshot: true, takesScreenshot: true, unexpectedAlertBehaviour: , unhandledPromptBehavior: , version: 63.0.3239.132, webStorageEnabled: true}Session ID: 8aa9baed35e54b67b1d24e7bb5b16c58*** Element info: {Using=xpath, value=//div[@class='footerEmailSignup__signUpMessage--text']}at sun.reflect.NativeConstructorAccessorImpl.newInstance0(Native Method)at sun.reflect.NativeConstructorAccessorImpl.newInstance(NativeConstructorAccessorImpl.java:62)at sun.reflect.DelegatingConstructorAccessorImpl.newInstance(DelegatingConstructorAccessorImpl.java:45)at java.lang.reflect.Constructor.newInstance(Constructor.java:423)at org.openqa.selenium.remote.ErrorHandler.createThrowable(ErrorHandler.java:214)at org.openqa.selenium.remote.ErrorHandler.throwIfResponseFailed(ErrorHandler.java:166)at org.openqa.selenium.remote.http.JsonHttpResponseCodec.reconstructValue(JsonHttpResponseCodec.java:40)at org.openqa.selenium.remote.http.AbstractHttpResponseCodec.decode(AbstractHttpResponseCodec.java:80)at org.openqa.selenium.remote.http.AbstractHttpResponseCodec.decode(AbstractHttpResponseCodec.java:44)at org.openqa.selenium.remote.HttpCommandExecutor.execute(HttpCommandExecutor.java:164)at org.openqa.selenium.remote.service.DriverCommandExecutor.execute(DriverCommandExecutor.java:83)at org.openqa.selenium.remote.RemoteWebDriver.execute(RemoteWebDriver.java:600)at org.openqa.selenium.remote.RemoteWebDriver.findElement(RemoteWebDriver.java:370)at org.openqa.selenium.remote.RemoteWebDriver.findElementByXPath(RemoteWebDriver.java:472)at org.openqa.selenium.By$ByXPath.findElement(By.java:361)at org.openqa.selenium.remote.RemoteWebDriver.findElement(RemoteWebDriver.java:362)at org.openqa.selenium.support.pagefactory.DefaultElementLocator.findElement(DefaultElementLocator.java:69)at org.openqa.selenium.support.pagefactory.internal.LocatingElementHandler.invoke(LocatingElementHandler.java:38)at com.sun.proxy.$Proxy10.getText(Unknown Source)at page_objects.FooterPage.enterFooterEmail(FooterPage.java:138)at testCases.TestFooterPage.testFooterEmail(TestFooterPage.java:104)at sun.reflect.NativeMethodAccessorImpl.invoke0(Native Method)at sun.reflect.NativeMethodAccessorImpl.invoke(NativeMethodAccessorImpl.java:62)at sun.reflect.DelegatingMethodAccessorImpl.invoke(DelegatingMethodAccessorImpl.java:43)at java.lang.reflect.Method.invoke(Method.java:498)at org.testng.internal.MethodInvocationHelper.invokeMethod(MethodInvocationHelper.java:124)at org.testng.internal.Invoker.invokeMethod(Invoker.java:571)at org.testng.internal.Invoker.invokeTestMethod(Invoker.java:707)at org.testng.internal.Invoker.invokeTestMethods(Invoker.java:979)at org.testng.internal.TestMethodWorker.invokeTestMethods(TestMethodWorker.java:125)at org.testng.internal.TestMethodWorker.run(TestMethodWorker.java:109)at org.testng.TestRunner.privateRun(TestRunner.java:648)at org.testng.TestRunner.run(TestRunner.java:505)at org.testng.SuiteRunner.runTest(SuiteRunner.java:455)at org.testng.SuiteRunner.runSequentially(SuiteRunner.java:450)at org.testng.SuiteRunner.privateRun(SuiteRunner.java:415)at org.testng.SuiteRunner.run(SuiteRunner.java:364)at org.testng.SuiteRunnerWorker.runSuite(SuiteRunnerWorker.java:52)at org.testng.SuiteRunnerWorker.run(SuiteRunnerWorker.java:84)at org.testng.TestNG.runSuitesSequentially(TestNG.java:1187)at org.testng.TestNG.runSuitesLocally(TestNG.java:1116)at org.testng.TestNG.runSuites(TestNG.java:1028)at org.testng.TestNG.run(TestNG.java:996)at org.testng.IDEARemoteTestNG.run(IDEARemoteTestNG.java:72)at org.testng.RemoteTestNGStarter.main(RemoteTestNGStarter.java:123)]]>
    </error>
  </testcase> <!-- testFooterEmail -->
  <testcase name="testGoToHomeDepotCanadaLinks" classname="testCases.TestFooterPage">
    <skipped/>
  </testcase> <!-- testGoToHomeDepotCanadaLinks -->
  <testcase name="testReturnsLink" classname="testCases.TestFooterPage">
    <skipped/>
  </testcase> <!-- testReturnsLink -->
  <testcase name="testHomeServicesLink" classname="testCases.TestFooterPage">
    <skipped/>
  </testcase> <!-- testHomeServicesLink -->
  <testcase name="testDigitalRoomLink" classname="testCases.TestFooterPage">
    <skipped/>
  </testcase> <!-- testDigitalRoomLink -->
  <testcase name="testPinterestLink" classname="testCases.TestFooterPage">
    <skipped/>
  </testcase> <!-- testPinterestLink -->
  <testcase name="testFaceBookLink" classname="testCases.TestFooterPage">
    <skipped/>
  </testcase> <!-- testFaceBookLink -->
  <testcase name="testOrderCancellationLink" classname="testCases.TestFooterPage">
    <skipped/>
  </testcase> <!-- testOrderCancellationLink -->
  <testcase name="testCareersLink" classname="testCases.TestFooterPage">
    <skipped/>
  </testcase> <!-- testCareersLink -->
  <testcase name="testCheckOrderLink" classname="testCases.TestFooterPage">
    <skipped/>
  </testcase> <!-- testCheckOrderLink -->
  <testcase name="testDIYProjectIdeasLink" classname="testCases.TestFooterPage">
    <skipped/>
  </testcase> <!-- testDIYProjectIdeasLink -->
  <testcase name="testMobileAppsLink" classname="testCases.TestFooterPage">
    <skipped/>
  </testcase> <!-- testMobileAppsLink -->
  <testcase name="testCorporateInformationLink" classname="testCases.TestFooterPage">
    <skipped/>
  </testcase> <!-- testCorporateInformationLink -->
  <testcase name="testSpecialOffersLink" classname="testCases.TestFooterPage">
    <skipped/>
  </testcase> <!-- testSpecialOffersLink -->
  <testcase name="testTruckToolRentalLink" classname="testCases.TestFooterPage">
    <skipped/>
  </testcase> <!-- testTruckToolRentalLink -->
  <testcase name="testPayCreditCardLink" classname="testCases.TestFooterPage">
    <skipped/>
  </testcase> <!-- testPayCreditCardLink -->
  <testcase name="testYoutubeLink" classname="testCases.TestFooterPage">
    <skipped/>
  </testcase> <!-- testYoutubeLink -->
</testsuite> <!-- testCases.TestFooterPage -->
