<html>
<head>
<title>TestNG:  Cigna</title>
<link href="../testng.css" rel="stylesheet" type="text/css" />
<link href="../my-testng.css" rel="stylesheet" type="text/css" />

<style type="text/css">
.log { display: none;} 
.stack-trace { display: none;} 
</style>
<script type="text/javascript">
<!--
function flip(e) {
  current = e.style.display;
  if (current == 'block') {
    e.style.display = 'none';
    return 0;
  }
  else {
    e.style.display = 'block';
    return 1;
  }
}

function toggleBox(szDivId, elem, msg1, msg2)
{
  var res = -1;  if (document.getElementById) {
    res = flip(document.getElementById(szDivId));
  }
  else if (document.all) {
    // this is the way old msie versions work
    res = flip(document.all[szDivId]);
  }
  if(elem) {
    if(res == 0) elem.innerHTML = msg1; else elem.innerHTML = msg2;
  }

}

function toggleAllBoxes() {
  if (document.getElementsByTagName) {
    d = document.getElementsByTagName('div');
    for (i = 0; i < d.length; i++) {
      if (d[i].className == 'log') {
        flip(d[i]);
      }
    }
  }
}

// -->
</script>

</head>
<body>
<h2 align='center'>Cigna</h2><table border='1' align="center">
<tr>
<td>Tests passed/Failed/Skipped:</td><td>34/1/0</td>
</tr><tr>
<td>Started on:</td><td>Mon Jan 22 17:31:36 GMT-05:00 2018</td>
</tr>
<tr><td>Total time:</td><td>667 seconds (667642 ms)</td>
</tr><tr>
<td>Included groups:</td><td></td>
</tr><tr>
<td>Excluded groups:</td><td></td>
</tr>
</table><p/>
<small><i>(Hover the method name to see the test class name)</i></small><p/>
<table width='100%' border='1' class='invocation-failed'>
<tr><td colspan='4' align='center'><b>FAILED TESTS</b></td></tr>
<tr><td><b>Test method</b></td>
<td width="30%"><b>Exception</b></td>
<td width="10%"><b>Time (seconds)</b></td>
<td><b>Instance</b></td>
</tr>
<tr>
<td title='testCases.TestPersonalPage.testSeeVideo()'><b>testSeeVideo</b><br>Test class: testCases.TestPersonalPage</td>
<td><div><pre>org.openqa.selenium.StaleElementReferenceException: stale element reference: element is not attached to the page document
  (Session info: chrome=62.0.3202.62)
  (Driver info: chromedriver=2.33.506120 (e3e53437346286c0bc2d2dc9aa4915ba81d9023f),platform=Windows NT 10.0.15063 x86_64) (WARNING: The server did not provide any stacktrace information)
Command duration or timeout: 13 milliseconds
For documentation on this error, please visit: http://seleniumhq.org/exceptions/stale_element_reference.html
Build info: version: &apos;2.53.0&apos;, revision: &apos;35ae25b&apos;, time: &apos;2016-03-15 17:00:58&apos;
System info: host: &apos;199-7-164-39&apos;, ip: &apos;199.7.164.39&apos;, os.name: &apos;windows&apos;, os.arch: &apos;x86&apos;, os.version: &apos;10.0&apos;, java.version: &apos;1.8.0_151&apos;
Driver info: org.openqa.selenium.chrome.ChromeDriver
Capabilities [{applicationCacheEnabled=false, rotatable=false, mobileEmulationEnabled=false, networkConnectionEnabled=false, chrome={chromedriverVersion=2.33.506120 (e3e53437346286c0bc2d2dc9aa4915ba81d9023f), userDataDir=C:\Windows\proxy\scoped_dir2104_12806}, takesHeapSnapshot=true, pageLoadStrategy=normal, databaseEnabled=false, handlesAlerts=true, hasTouchScreen=false, version=62.0.3202.62, platform=XP, browserConnectionEnabled=false, nativeEvents=true, acceptSslCerts=true, locationContextEnabled=true, webStorageEnabled=true, browserName=chrome, takesScreenshot=true, javascriptEnabled=true, cssSelectorsEnabled=true, setWindowRect=true, unexpectedAlertBehaviour=}]
Session ID: 95dd72d7be4b404b488c70dfcdd28df5
Command duration or timeout: 0 milliseconds
	at org.openqa.selenium.remote.ErrorHandler.createThrowable(ErrorHandler.java:214)
	at org.openqa.selenium.remote.ErrorHandler.throwIfResponseFailed(ErrorHandler.java:166)
	at org.openqa.selenium.remote.http.JsonHttpResponseCodec.reconstructValue(JsonHttpResponseCodec.java:40)
	at org.openqa.selenium.remote.http.AbstractHttpResponseCodec.decode(AbstractHttpResponseCodec.java:80)
	at org.openqa.selenium.remote.http.AbstractHttpResponseCodec.decode(AbstractHttpResponseCodec.java:44)
	at org.openqa.selenium.remote.HttpCommandExecutor.execute(HttpCommandExecutor.java:164)
	at org.openqa.selenium.remote.RemoteWebDriver.execute(RemoteWebDriver.java:600)
	at org.openqa.selenium.remote.RemoteWebElement.execute(RemoteWebElement.java:279)
	at org.openqa.selenium.remote.RemoteWebElement.isDisplayed(RemoteWebElement.java:320)
	at org.openqa.selenium.support.pagefactory.internal.LocatingElementHandler.invoke(LocatingElementHandler.java:51)
	at com.sun.proxy.$Proxy12.isDisplayed(Unknown Source)
	at page_objects.PersonalPage.seeV(PersonalPage.java:148)
	at testCases.TestPersonalPage.testSeeVideo(TestPersonalPage.java:66)
Caused by: org.openqa.selenium.remote.ScreenshotException: Screen shot has been taken
	at org.openqa.selenium.remote.ErrorHandler.throwIfResponseFailed(ErrorHandler.java:140)
	... 39 more
Caused by: org.openqa.selenium.StaleElementReferenceException: stale element reference: element is not attached to the page document
  (Session info: chrome=62.0.3202.62)
  (Driver info: chromedriver=2.33.506120 (e3e53437346286c0bc2d2dc9aa4915ba81d9023f),platform=Windows NT 10.0.15063 x86_64) (WARNING: The server did not provide any stacktrace information)
Command duration or timeout: 13 milliseconds
For documentation on this error, please visit: http://seleniumhq.org/exceptions/stale_element_reference.html
Build info: version: &apos;2.53.0&apos;, revision: &apos;35ae25b&apos;, time: &apos;2016-03-15 17:00:58&apos;
System info: host: &apos;199-7-164-39&apos;, ip: &apos;199.7.164.39&apos;, os.name: &apos;windows&apos;, os.arch: &apos;x86&apos;, os.version: &apos;10.0&apos;, java.version: &apos;1.8.0_151&apos;
Driver info: org.openqa.selenium.chrome.ChromeDriver
Capabilities [{applicationCacheEnabled=false, rotatable=false, mobileEmulationEnabled=false, networkConnectionEnabled=false, chrome={chromedriverVersion=2.33.506120 (e3e53437346286c0bc2d2dc9aa4915ba81d9023f), userDataDir=C:\Windows\proxy\scoped_dir2104_12806}, takesHeapSnapshot=true, pageLoadStrategy=normal, databaseEnabled=false, handlesAlerts=true, hasTouchScreen=false, version=62.0.3202.62, platform=XP, browserConnectionEnabled=false, nativeEvents=true, acceptSslCerts=true, locationContextEnabled=true, webStorageEnabled=true, browserName=chrome, takesScreenshot=true, javascriptEnabled=true, cssSelectorsEnabled=true, setWindowRect=true, unexpectedAlertBehaviour=}]
Session ID: 95dd72d7be4b404b488c70dfcdd28df5
For documentation on this error, please visit: http://seleniumhq.org/exceptions/stale_element_reference.html
Build info: version: &apos;3.7.1&apos;, revision: &apos;8a0099a&apos;, time: &apos;2017-11-06T21:01:39.354Z&apos;
System info: host: &apos;ALISTAIR&apos;, ip: &apos;192.168.74.1&apos;, os.name: &apos;Windows 8.1&apos;, os.arch: &apos;amd64&apos;, os.version: &apos;6.3&apos;, java.version: &apos;1.8.0_144&apos;
Driver info: driver.version: RemoteWebDriver
	at org.openqa.selenium.remote.ErrorHandler.createThrowable(ErrorHandler.java:206)
	at org.openqa.selenium.remote.ErrorHandler.throwIfResponseFailed(ErrorHandler.java:158)
	at org.openqa.selenium.remote.RemoteWebDriver.execute(RemoteWebDriver.java:678)
	at org.openqa.selenium.remote.RemoteWebElement.execute(RemoteWebElement.java:327)
	at org.openqa.selenium.remote.RemoteWebElement.isDisplayed(RemoteWebElement.java:368)
	at org.openqa.selenium.support.events.EventFiringWebDriver$EventFiringWebElement$1.invoke(EventFiringWebDriver.java:335)
	at com.sun.proxy.$Proxy2.isDisplayed(Unknown Source)
	at org.openqa.selenium.support.events.EventFiringWebDriver$EventFiringWebElement.isDisplayed(EventFiringWebDriver.java:389)
	at org.openqa.selenium.remote.server.KnownElements$1.invoke(KnownElements.java:64)
	at com.sun.proxy.$Proxy3.isDisplayed(Unknown Source)
	at org.openqa.selenium.remote.server.handler.GetElementDisplayed.call(GetElementDisplayed.java:32)
	at org.openqa.selenium.remote.server.handler.GetElementDisplayed.call(GetElementDisplayed.java:1)
	at java.util.concurrent.FutureTask.run(Unknown Source)
	at org.openqa.selenium.remote.server.DefaultSession$1.run(DefaultSession.java:176)
	at java.util.concurrent.ThreadPoolExecutor.runWorker(Unknown Source)
	at java.util.concurrent.ThreadPoolExecutor$Worker.run(Unknown Source)
	at java.lang.Thread.run(Unknown Source)
... Removed 44 stack frames</pre></div><a href='#' onClick='toggleBox("stack-trace270661321", this, "Click to show all stack frames", "Click to hide stack frames")'>Click to show all stack frames</a>
<div class='stack-trace' id='stack-trace270661321'><pre>org.openqa.selenium.StaleElementReferenceException: stale element reference: element is not attached to the page document
  (Session info: chrome=62.0.3202.62)
  (Driver info: chromedriver=2.33.506120 (e3e53437346286c0bc2d2dc9aa4915ba81d9023f),platform=Windows NT 10.0.15063 x86_64) (WARNING: The server did not provide any stacktrace information)
Command duration or timeout: 13 milliseconds
For documentation on this error, please visit: http://seleniumhq.org/exceptions/stale_element_reference.html
Build info: version: &apos;2.53.0&apos;, revision: &apos;35ae25b&apos;, time: &apos;2016-03-15 17:00:58&apos;
System info: host: &apos;199-7-164-39&apos;, ip: &apos;199.7.164.39&apos;, os.name: &apos;windows&apos;, os.arch: &apos;x86&apos;, os.version: &apos;10.0&apos;, java.version: &apos;1.8.0_151&apos;
Driver info: org.openqa.selenium.chrome.ChromeDriver
Capabilities [{applicationCacheEnabled=false, rotatable=false, mobileEmulationEnabled=false, networkConnectionEnabled=false, chrome={chromedriverVersion=2.33.506120 (e3e53437346286c0bc2d2dc9aa4915ba81d9023f), userDataDir=C:\Windows\proxy\scoped_dir2104_12806}, takesHeapSnapshot=true, pageLoadStrategy=normal, databaseEnabled=false, handlesAlerts=true, hasTouchScreen=false, version=62.0.3202.62, platform=XP, browserConnectionEnabled=false, nativeEvents=true, acceptSslCerts=true, locationContextEnabled=true, webStorageEnabled=true, browserName=chrome, takesScreenshot=true, javascriptEnabled=true, cssSelectorsEnabled=true, setWindowRect=true, unexpectedAlertBehaviour=}]
Session ID: 95dd72d7be4b404b488c70dfcdd28df5
Command duration or timeout: 0 milliseconds
	at sun.reflect.NativeConstructorAccessorImpl.newInstance0(Native Method)
	at sun.reflect.NativeConstructorAccessorImpl.newInstance(NativeConstructorAccessorImpl.java:62)
	at sun.reflect.DelegatingConstructorAccessorImpl.newInstance(DelegatingConstructorAccessorImpl.java:45)
	at java.lang.reflect.Constructor.newInstance(Constructor.java:423)
	at org.openqa.selenium.remote.ErrorHandler.createThrowable(ErrorHandler.java:214)
	at org.openqa.selenium.remote.ErrorHandler.throwIfResponseFailed(ErrorHandler.java:166)
	at org.openqa.selenium.remote.http.JsonHttpResponseCodec.reconstructValue(JsonHttpResponseCodec.java:40)
	at org.openqa.selenium.remote.http.AbstractHttpResponseCodec.decode(AbstractHttpResponseCodec.java:80)
	at org.openqa.selenium.remote.http.AbstractHttpResponseCodec.decode(AbstractHttpResponseCodec.java:44)
	at org.openqa.selenium.remote.HttpCommandExecutor.execute(HttpCommandExecutor.java:164)
	at org.openqa.selenium.remote.RemoteWebDriver.execute(RemoteWebDriver.java:600)
	at org.openqa.selenium.remote.RemoteWebElement.execute(RemoteWebElement.java:279)
	at org.openqa.selenium.remote.RemoteWebElement.isDisplayed(RemoteWebElement.java:320)
	at sun.reflect.NativeMethodAccessorImpl.invoke0(Native Method)
	at sun.reflect.NativeMethodAccessorImpl.invoke(NativeMethodAccessorImpl.java:62)
	at sun.reflect.DelegatingMethodAccessorImpl.invoke(DelegatingMethodAccessorImpl.java:43)
	at java.lang.reflect.Method.invoke(Method.java:498)
	at org.openqa.selenium.support.pagefactory.internal.LocatingElementHandler.invoke(LocatingElementHandler.java:51)
	at com.sun.proxy.$Proxy12.isDisplayed(Unknown Source)
	at page_objects.PersonalPage.seeV(PersonalPage.java:148)
	at testCases.TestPersonalPage.testSeeVideo(TestPersonalPage.java:66)
	at sun.reflect.NativeMethodAccessorImpl.invoke0(Native Method)
	at sun.reflect.NativeMethodAccessorImpl.invoke(NativeMethodAccessorImpl.java:62)
	at sun.reflect.DelegatingMethodAccessorImpl.invoke(DelegatingMethodAccessorImpl.java:43)
	at java.lang.reflect.Method.invoke(Method.java:498)
	at org.testng.internal.MethodInvocationHelper.invokeMethod(MethodInvocationHelper.java:124)
	at org.testng.internal.Invoker.invokeMethod(Invoker.java:571)
	at org.testng.internal.Invoker.invokeTestMethod(Invoker.java:707)
	at org.testng.internal.Invoker.invokeTestMethods(Invoker.java:979)
	at org.testng.internal.TestMethodWorker.invokeTestMethods(TestMethodWorker.java:125)
	at org.testng.internal.TestMethodWorker.run(TestMethodWorker.java:109)
	at org.testng.TestRunner.privateRun(TestRunner.java:648)
	at org.testng.TestRunner.run(TestRunner.java:505)
	at org.testng.SuiteRunner.runTest(SuiteRunner.java:455)
	at org.testng.SuiteRunner.runSequentially(SuiteRunner.java:450)
	at org.testng.SuiteRunner.privateRun(SuiteRunner.java:415)
	at org.testng.SuiteRunner.run(SuiteRunner.java:364)
	at org.testng.SuiteRunnerWorker.runSuite(SuiteRunnerWorker.java:52)
	at org.testng.SuiteRunnerWorker.run(SuiteRunnerWorker.java:84)
	at org.testng.TestNG.runSuitesSequentially(TestNG.java:1187)
	at org.testng.TestNG.runSuitesLocally(TestNG.java:1116)
	at org.testng.TestNG.runSuites(TestNG.java:1028)
	at org.testng.TestNG.run(TestNG.java:996)
	at org.testng.IDEARemoteTestNG.run(IDEARemoteTestNG.java:72)
	at org.testng.RemoteTestNGStarter.main(RemoteTestNGStarter.java:123)
Caused by: org.openqa.selenium.remote.ScreenshotException: Screen shot has been taken
	at org.openqa.selenium.remote.ErrorHandler.throwIfResponseFailed(ErrorHandler.java:140)
	... 39 more
Caused by: org.openqa.selenium.StaleElementReferenceException: stale element reference: element is not attached to the page document
  (Session info: chrome=62.0.3202.62)
  (Driver info: chromedriver=2.33.506120 (e3e53437346286c0bc2d2dc9aa4915ba81d9023f),platform=Windows NT 10.0.15063 x86_64) (WARNING: The server did not provide any stacktrace information)
Command duration or timeout: 13 milliseconds
For documentation on this error, please visit: http://seleniumhq.org/exceptions/stale_element_reference.html
Build info: version: &apos;2.53.0&apos;, revision: &apos;35ae25b&apos;, time: &apos;2016-03-15 17:00:58&apos;
System info: host: &apos;199-7-164-39&apos;, ip: &apos;199.7.164.39&apos;, os.name: &apos;windows&apos;, os.arch: &apos;x86&apos;, os.version: &apos;10.0&apos;, java.version: &apos;1.8.0_151&apos;
Driver info: org.openqa.selenium.chrome.ChromeDriver
Capabilities [{applicationCacheEnabled=false, rotatable=false, mobileEmulationEnabled=false, networkConnectionEnabled=false, chrome={chromedriverVersion=2.33.506120 (e3e53437346286c0bc2d2dc9aa4915ba81d9023f), userDataDir=C:\Windows\proxy\scoped_dir2104_12806}, takesHeapSnapshot=true, pageLoadStrategy=normal, databaseEnabled=false, handlesAlerts=true, hasTouchScreen=false, version=62.0.3202.62, platform=XP, browserConnectionEnabled=false, nativeEvents=true, acceptSslCerts=true, locationContextEnabled=true, webStorageEnabled=true, browserName=chrome, takesScreenshot=true, javascriptEnabled=true, cssSelectorsEnabled=true, setWindowRect=true, unexpectedAlertBehaviour=}]
Session ID: 95dd72d7be4b404b488c70dfcdd28df5
For documentation on this error, please visit: http://seleniumhq.org/exceptions/stale_element_reference.html
Build info: version: &apos;3.7.1&apos;, revision: &apos;8a0099a&apos;, time: &apos;2017-11-06T21:01:39.354Z&apos;
System info: host: &apos;ALISTAIR&apos;, ip: &apos;192.168.74.1&apos;, os.name: &apos;Windows 8.1&apos;, os.arch: &apos;amd64&apos;, os.version: &apos;6.3&apos;, java.version: &apos;1.8.0_144&apos;
Driver info: driver.version: RemoteWebDriver
	at sun.reflect.NativeConstructorAccessorImpl.newInstance0(Native Method)
	at sun.reflect.NativeConstructorAccessorImpl.newInstance(Unknown Source)
	at sun.reflect.DelegatingConstructorAccessorImpl.newInstance(Unknown Source)
	at java.lang.reflect.Constructor.newInstance(Unknown Source)
	at org.openqa.selenium.remote.ErrorHandler.createThrowable(ErrorHandler.java:206)
	at org.openqa.selenium.remote.ErrorHandler.throwIfResponseFailed(ErrorHandler.java:158)
	at org.openqa.selenium.remote.RemoteWebDriver.execute(RemoteWebDriver.java:678)
	at org.openqa.selenium.remote.RemoteWebElement.execute(RemoteWebElement.java:327)
	at org.openqa.selenium.remote.RemoteWebElement.isDisplayed(RemoteWebElement.java:368)
	at sun.reflect.NativeMethodAccessorImpl.invoke0(Native Method)
	at sun.reflect.NativeMethodAccessorImpl.invoke(Unknown Source)
	at sun.reflect.DelegatingMethodAccessorImpl.invoke(Unknown Source)
	at java.lang.reflect.Method.invoke(Unknown Source)
	at org.openqa.selenium.support.events.EventFiringWebDriver$EventFiringWebElement$1.invoke(EventFiringWebDriver.java:335)
	at com.sun.proxy.$Proxy2.isDisplayed(Unknown Source)
	at org.openqa.selenium.support.events.EventFiringWebDriver$EventFiringWebElement.isDisplayed(EventFiringWebDriver.java:389)
	at sun.reflect.NativeMethodAccessorImpl.invoke0(Native Method)
	at sun.reflect.NativeMethodAccessorImpl.invoke(Unknown Source)
	at sun.reflect.DelegatingMethodAccessorImpl.invoke(Unknown Source)
	at java.lang.reflect.Method.invoke(Unknown Source)
	at org.openqa.selenium.remote.server.KnownElements$1.invoke(KnownElements.java:64)
	at com.sun.proxy.$Proxy3.isDisplayed(Unknown Source)
	at org.openqa.selenium.remote.server.handler.GetElementDisplayed.call(GetElementDisplayed.java:32)
	at org.openqa.selenium.remote.server.handler.GetElementDisplayed.call(GetElementDisplayed.java:1)
	at java.util.concurrent.FutureTask.run(Unknown Source)
	at org.openqa.selenium.remote.server.DefaultSession$1.run(DefaultSession.java:176)
	at java.util.concurrent.ThreadPoolExecutor.runWorker(Unknown Source)
	at java.util.concurrent.ThreadPoolExecutor$Worker.run(Unknown Source)
	at java.lang.Thread.run(Unknown Source)
</pre></div></td>
<td>3</td>
<td>testCases.TestPersonalPage@48503868</td></tr>
</table><p>
<table width='100%' border='1' class='invocation-passed'>
<tr><td colspan='4' align='center'><b>PASSED TESTS</b></td></tr>
<tr><td><b>Test method</b></td>
<td width="30%"><b>Exception</b></td>
<td width="10%"><b>Time (seconds)</b></td>
<td><b>Instance</b></td>
</tr>
<tr>
<td title='testCases.TestPersonalPage.testCignaMedicare()'><b>testCignaMedicare</b><br>Test class: testCases.TestPersonalPage</td>
<td></td>
<td>0</td>
<td>testCases.TestPersonalPage@48503868</td></tr>
<tr>
<td title='testCases.TestPersonalPage.testContactAs()'><b>testContactAs</b><br>Test class: testCases.TestPersonalPage</td>
<td></td>
<td>0</td>
<td>testCases.TestPersonalPage@48503868</td></tr>
<tr>
<td title='testCases.TestPersonalPage.testCoperate()'><b>testCoperate</b><br>Test class: testCases.TestPersonalPage</td>
<td></td>
<td>0</td>
<td>testCases.TestPersonalPage@48503868</td></tr>
<tr>
<td title='testCases.TestPersonalPage.testDownloadAPP()'><b>testDownloadAPP</b><br>Test class: testCases.TestPersonalPage</td>
<td></td>
<td>0</td>
<td>testCases.TestPersonalPage@48503868</td></tr>
<tr>
<td title='testCases.TestPersonalPage.testFacebook()'><b>testFacebook</b><br>Test class: testCases.TestPersonalPage</td>
<td></td>
<td>0</td>
<td>testCases.TestPersonalPage@48503868</td></tr>
<tr>
<td title='testCases.TestPersonalPage.testFeedback()'><b>testFeedback</b><br>Test class: testCases.TestPersonalPage</td>
<td></td>
<td>0</td>
<td>testCases.TestPersonalPage@48503868</td></tr>
<tr>
<td title='testCases.TestPersonalPage.testFeedbackSideLink()'><b>testFeedbackSideLink</b><br>Test class: testCases.TestPersonalPage</td>
<td></td>
<td>0</td>
<td>testCases.TestPersonalPage@48503868</td></tr>
<tr>
<td title='testCases.TestPersonalPage.testFindADoctor()'><b>testFindADoctor</b><br>Test class: testCases.TestPersonalPage</td>
<td></td>
<td>0</td>
<td>testCases.TestPersonalPage@48503868</td></tr>
<tr>
<td title='testCases.TestPersonalPage.testFindDoctor()'><b>testFindDoctor</b><br>Test class: testCases.TestPersonalPage</td>
<td></td>
<td>2</td>
<td>testCases.TestPersonalPage@48503868</td></tr>
<tr>
<td title='testCases.TestPersonalPage.testGoogle()'><b>testGoogle</b><br>Test class: testCases.TestPersonalPage</td>
<td></td>
<td>0</td>
<td>testCases.TestPersonalPage@48503868</td></tr>
<tr>
<td title='testCases.TestPersonalPage.testHealthWellness()'><b>testHealthWellness</b><br>Test class: testCases.TestPersonalPage</td>
<td></td>
<td>0</td>
<td>testCases.TestPersonalPage@48503868</td></tr>
<tr>
<td title='testCases.TestPersonalPage.testHearWhatYouNeed()'><b>testHearWhatYouNeed</b><br>Test class: testCases.TestPersonalPage</td>
<td></td>
<td>0</td>
<td>testCases.TestPersonalPage@48503868</td></tr>
<tr>
<td title='testCases.TestPersonalPage.testIndividualFamilyPlan()'><b>testIndividualFamilyPlan</b><br>Test class: testCases.TestPersonalPage</td>
<td></td>
<td>0</td>
<td>testCases.TestPersonalPage@48503868</td></tr>
<tr>
<td title='testCases.TestPersonalPage.testInformedOnReport()'><b>testInformedOnReport</b><br>Test class: testCases.TestPersonalPage</td>
<td></td>
<td>0</td>
<td>testCases.TestPersonalPage@48503868</td></tr>
<tr>
<td title='testCases.TestPersonalPage.testInstragram()'><b>testInstragram</b><br>Test class: testCases.TestPersonalPage</td>
<td></td>
<td>0</td>
<td>testCases.TestPersonalPage@48503868</td></tr>
<tr>
<td title='testCases.TestPersonalPage.testInternationalIndividualPlan()'><b>testInternationalIndividualPlan</b><br>Test class: testCases.TestPersonalPage</td>
<td></td>
<td>0</td>
<td>testCases.TestPersonalPage@48503868</td></tr>
<tr>
<td title='testCases.TestPersonalPage.testInvestors()'><b>testInvestors</b><br>Test class: testCases.TestPersonalPage</td>
<td></td>
<td>0</td>
<td>testCases.TestPersonalPage@48503868</td></tr>
<tr>
<td title='testCases.TestPersonalPage.testLinkedin()'><b>testLinkedin</b><br>Test class: testCases.TestPersonalPage</td>
<td></td>
<td>0</td>
<td>testCases.TestPersonalPage@48503868</td></tr>
<tr>
<td title='testCases.TestPersonalPage.testListenNow()'><b>testListenNow</b><br>Test class: testCases.TestPersonalPage</td>
<td></td>
<td>0</td>
<td>testCases.TestPersonalPage@48503868</td></tr>
<tr>
<td title='testCases.TestPersonalPage.testMainLogo()'><b>testMainLogo</b><br>Test class: testCases.TestPersonalPage</td>
<td></td>
<td>0</td>
<td>testCases.TestPersonalPage@48503868</td></tr>
<tr>
<td title='testCases.TestPersonalPage.testMopileApp()'><b>testMopileApp</b><br>Test class: testCases.TestPersonalPage</td>
<td></td>
<td>0</td>
<td>testCases.TestPersonalPage@48503868</td></tr>
<tr>
<td title='testCases.TestPersonalPage.testMoreInformation()'><b>testMoreInformation</b><br>Test class: testCases.TestPersonalPage</td>
<td></td>
<td>0</td>
<td>testCases.TestPersonalPage@48503868</td></tr>
<tr>
<td title='testCases.TestPersonalPage.testNews()'><b>testNews</b><br>Test class: testCases.TestPersonalPage</td>
<td></td>
<td>0</td>
<td>testCases.TestPersonalPage@48503868</td></tr>
<tr>
<td title='testCases.TestPersonalPage.testNorton()'><b>testNorton</b><br>Test class: testCases.TestPersonalPage</td>
<td></td>
<td>0</td>
<td>testCases.TestPersonalPage@48503868</td></tr>
<tr>
<td title='testCases.TestPersonalPage.testOfferCignaThroughWork()'><b>testOfferCignaThroughWork</b><br>Test class: testCases.TestPersonalPage</td>
<td></td>
<td>0</td>
<td>testCases.TestPersonalPage@48503868</td></tr>
<tr>
<td title='testCases.TestPersonalPage.testPinIntrest()'><b>testPinIntrest</b><br>Test class: testCases.TestPersonalPage</td>
<td></td>
<td>0</td>
<td>testCases.TestPersonalPage@48503868</td></tr>
<tr>
<td title='testCases.TestPersonalPage.testReadMore()'><b>testReadMore</b><br>Test class: testCases.TestPersonalPage</td>
<td></td>
<td>0</td>
<td>testCases.TestPersonalPage@48503868</td></tr>
<tr>
<td title='testCases.TestPersonalPage.testSearchBar()'><b>testSearchBar</b><br>Test class: testCases.TestPersonalPage</td>
<td></td>
<td>2</td>
<td>testCases.TestPersonalPage@48503868</td></tr>
<tr>
<td title='testCases.TestPersonalPage.testSign()'><b>testSign</b><br>Test class: testCases.TestPersonalPage</td>
<td></td>
<td>0</td>
<td>testCases.TestPersonalPage@48503868</td></tr>
<tr>
<td title='testCases.TestPersonalPage.testTwitter()'><b>testTwitter</b><br>Test class: testCases.TestPersonalPage</td>
<td></td>
<td>0</td>
<td>testCases.TestPersonalPage@48503868</td></tr>
<tr>
<td title='testCases.TestPersonalPage.testViewAll()'><b>testViewAll</b><br>Test class: testCases.TestPersonalPage</td>
<td></td>
<td>0</td>
<td>testCases.TestPersonalPage@48503868</td></tr>
<tr>
<td title='testCases.TestPersonalPage.testViewDetails()'><b>testViewDetails</b><br>Test class: testCases.TestPersonalPage</td>
<td></td>
<td>0</td>
<td>testCases.TestPersonalPage@48503868</td></tr>
<tr>
<td title='testCases.TestPersonalPage.testWeibo()'><b>testWeibo</b><br>Test class: testCases.TestPersonalPage</td>
<td></td>
<td>0</td>
<td>testCases.TestPersonalPage@48503868</td></tr>
<tr>
<td title='testCases.TestPersonalPage.testYoutube()'><b>testYoutube</b><br>Test class: testCases.TestPersonalPage</td>
<td></td>
<td>0</td>
<td>testCases.TestPersonalPage@48503868</td></tr>
</table><p>
</body>
</html>