<?xml version="1.0" encoding="UTF-8"?>
<!-- Generated by org.testng.reporters.JUnitXMLReporter -->
<testsuite hostname="Alistair" ignored="0" name="Cigna" tests="35" failures="1" timestamp="22 Jan 2018 22:42:43 GMT" time="667.642" errors="0">
  <testcase name="testFindDoctor" time="2.077" classname="testCases.TestPersonalPage"/>
  <testcase name="testIndividualFamilyPlan" time="0.194" classname="testCases.TestPersonalPage"/>
  <testcase name="testSearchBar" time="2.564" classname="testCases.TestPersonalPage"/>
  <testcase name="testCignaMedicare" time="0.171" classname="testCases.TestPersonalPage"/>
  <testcase name="testInternationalIndividualPlan" time="0.166" classname="testCases.TestPersonalPage"/>
  <testcase name="testOfferCignaThroughWork" time="0.386" classname="testCases.TestPersonalPage"/>
  <testcase name="testHealthWellness" time="0.169" classname="testCases.TestPersonalPage"/>
  <testcase name="testMainLogo" time="0.248" classname="testCases.TestPersonalPage"/>
  <testcase name="testMoreInformation" time="0.191" classname="testCases.TestPersonalPage"/>
  <testcase name="testViewDetails" time="0.202" classname="testCases.TestPersonalPage"/>
  <testcase name="testSeeVideo" time="3.365" classname="testCases.TestPersonalPage">
    <failure type="org.openqa.selenium.StaleElementReferenceException" message="stale element reference: element is not attached to the page document
  (Session info: chrome=62.0.3202.62)
  (Driver info: chromedriver=2.33.506120 (e3e53437346286c0bc2d2dc9aa4915ba81d9023f),platform=Windows NT 10.0.15063 x86_64) (WARNING: The server did not provide any stacktrace information)
Command duration or timeout: 13 milliseconds
For documentation on this error, please visit: http://seleniumhq.org/exceptions/stale_element_reference.html
Build info: version: &amp;apos;2.53.0&amp;apos;, revision: &amp;apos;35ae25b&amp;apos;, time: &amp;apos;2016-03-15 17:00:58&amp;apos;
System info: host: &amp;apos;199-7-164-39&amp;apos;, ip: &amp;apos;199.7.164.39&amp;apos;, os.name: &amp;apos;windows&amp;apos;, os.arch: &amp;apos;x86&amp;apos;, os.version: &amp;apos;10.0&amp;apos;, java.version: &amp;apos;1.8.0_151&amp;apos;
Driver info: org.openqa.selenium.chrome.ChromeDriver
Capabilities [{applicationCacheEnabled=false, rotatable=false, mobileEmulationEnabled=false, networkConnectionEnabled=false, chrome={chromedriverVersion=2.33.506120 (e3e53437346286c0bc2d2dc9aa4915ba81d9023f), userDataDir=C:\Windows\proxy\scoped_dir2104_12806}, takesHeapSnapshot=true, pageLoadStrategy=normal, databaseEnabled=false, handlesAlerts=true, hasTouchScreen=false, version=62.0.3202.62, platform=XP, browserConnectionEnabled=false, nativeEvents=true, acceptSslCerts=true, locationContextEnabled=true, webStorageEnabled=true, browserName=chrome, takesScreenshot=true, javascriptEnabled=true, cssSelectorsEnabled=true, setWindowRect=true, unexpectedAlertBehaviour=}]
Session ID: 95dd72d7be4b404b488c70dfcdd28df5
Command duration or timeout: 0 milliseconds">
      <![CDATA[org.openqa.selenium.StaleElementReferenceException: stale element reference: element is not attached to the page document  (Session info: chrome=62.0.3202.62)  (Driver info: chromedriver=2.33.506120 (e3e53437346286c0bc2d2dc9aa4915ba81d9023f),platform=Windows NT 10.0.15063 x86_64) (WARNING: The server did not provide any stacktrace information)Command duration or timeout: 13 millisecondsFor documentation on this error, please visit: http://seleniumhq.org/exceptions/stale_element_reference.htmlBuild info: version: '2.53.0', revision: '35ae25b', time: '2016-03-15 17:00:58'System info: host: '199-7-164-39', ip: '199.7.164.39', os.name: 'windows', os.arch: 'x86', os.version: '10.0', java.version: '1.8.0_151'Driver info: org.openqa.selenium.chrome.ChromeDriverCapabilities [{applicationCacheEnabled=false, rotatable=false, mobileEmulationEnabled=false, networkConnectionEnabled=false, chrome={chromedriverVersion=2.33.506120 (e3e53437346286c0bc2d2dc9aa4915ba81d9023f), userDataDir=C:\Windows\proxy\scoped_dir2104_12806}, takesHeapSnapshot=true, pageLoadStrategy=normal, databaseEnabled=false, handlesAlerts=true, hasTouchScreen=false, version=62.0.3202.62, platform=XP, browserConnectionEnabled=false, nativeEvents=true, acceptSslCerts=true, locationContextEnabled=true, webStorageEnabled=true, browserName=chrome, takesScreenshot=true, javascriptEnabled=true, cssSelectorsEnabled=true, setWindowRect=true, unexpectedAlertBehaviour=}]Session ID: 95dd72d7be4b404b488c70dfcdd28df5Command duration or timeout: 0 millisecondsat org.openqa.selenium.remote.ErrorHandler.createThrowable(ErrorHandler.java:214)at org.openqa.selenium.remote.ErrorHandler.throwIfResponseFailed(ErrorHandler.java:166)at org.openqa.selenium.remote.http.JsonHttpResponseCodec.reconstructValue(JsonHttpResponseCodec.java:40)at org.openqa.selenium.remote.http.AbstractHttpResponseCodec.decode(AbstractHttpResponseCodec.java:80)at org.openqa.selenium.remote.http.AbstractHttpResponseCodec.decode(AbstractHttpResponseCodec.java:44)at org.openqa.selenium.remote.HttpCommandExecutor.execute(HttpCommandExecutor.java:164)at org.openqa.selenium.remote.RemoteWebDriver.execute(RemoteWebDriver.java:600)at org.openqa.selenium.remote.RemoteWebElement.execute(RemoteWebElement.java:279)at org.openqa.selenium.remote.RemoteWebElement.isDisplayed(RemoteWebElement.java:320)at org.openqa.selenium.support.pagefactory.internal.LocatingElementHandler.invoke(LocatingElementHandler.java:51)at com.sun.proxy.$Proxy12.isDisplayed(Unknown Source)at page_objects.PersonalPage.seeV(PersonalPage.java:148)at testCases.TestPersonalPage.testSeeVideo(TestPersonalPage.java:66)Caused by: org.openqa.selenium.remote.ScreenshotException: Screen shot has been takenat org.openqa.selenium.remote.ErrorHandler.throwIfResponseFailed(ErrorHandler.java:140)... 39 moreCaused by: org.openqa.selenium.StaleElementReferenceException: stale element reference: element is not attached to the page document  (Session info: chrome=62.0.3202.62)  (Driver info: chromedriver=2.33.506120 (e3e53437346286c0bc2d2dc9aa4915ba81d9023f),platform=Windows NT 10.0.15063 x86_64) (WARNING: The server did not provide any stacktrace information)Command duration or timeout: 13 millisecondsFor documentation on this error, please visit: http://seleniumhq.org/exceptions/stale_element_reference.htmlBuild info: version: '2.53.0', revision: '35ae25b', time: '2016-03-15 17:00:58'System info: host: '199-7-164-39', ip: '199.7.164.39', os.name: 'windows', os.arch: 'x86', os.version: '10.0', java.version: '1.8.0_151'Driver info: org.openqa.selenium.chrome.ChromeDriverCapabilities [{applicationCacheEnabled=false, rotatable=false, mobileEmulationEnabled=false, networkConnectionEnabled=false, chrome={chromedriverVersion=2.33.506120 (e3e53437346286c0bc2d2dc9aa4915ba81d9023f), userDataDir=C:\Windows\proxy\scoped_dir2104_12806}, takesHeapSnapshot=true, pageLoadStrategy=normal, databaseEnabled=false, handlesAlerts=true, hasTouchScreen=false, version=62.0.3202.62, platform=XP, browserConnectionEnabled=false, nativeEvents=true, acceptSslCerts=true, locationContextEnabled=true, webStorageEnabled=true, browserName=chrome, takesScreenshot=true, javascriptEnabled=true, cssSelectorsEnabled=true, setWindowRect=true, unexpectedAlertBehaviour=}]Session ID: 95dd72d7be4b404b488c70dfcdd28df5For documentation on this error, please visit: http://seleniumhq.org/exceptions/stale_element_reference.htmlBuild info: version: '3.7.1', revision: '8a0099a', time: '2017-11-06T21:01:39.354Z'System info: host: 'ALISTAIR', ip: '192.168.74.1', os.name: 'Windows 8.1', os.arch: 'amd64', os.version: '6.3', java.version: '1.8.0_144'Driver info: driver.version: RemoteWebDriverat org.openqa.selenium.remote.ErrorHandler.createThrowable(ErrorHandler.java:206)at org.openqa.selenium.remote.ErrorHandler.throwIfResponseFailed(ErrorHandler.java:158)at org.openqa.selenium.remote.RemoteWebDriver.execute(RemoteWebDriver.java:678)at org.openqa.selenium.remote.RemoteWebElement.execute(RemoteWebElement.java:327)at org.openqa.selenium.remote.RemoteWebElement.isDisplayed(RemoteWebElement.java:368)at org.openqa.selenium.support.events.EventFiringWebDriver$EventFiringWebElement$1.invoke(EventFiringWebDriver.java:335)at com.sun.proxy.$Proxy2.isDisplayed(Unknown Source)at org.openqa.selenium.support.events.EventFiringWebDriver$EventFiringWebElement.isDisplayed(EventFiringWebDriver.java:389)at org.openqa.selenium.remote.server.KnownElements$1.invoke(KnownElements.java:64)at com.sun.proxy.$Proxy3.isDisplayed(Unknown Source)at org.openqa.selenium.remote.server.handler.GetElementDisplayed.call(GetElementDisplayed.java:32)at org.openqa.selenium.remote.server.handler.GetElementDisplayed.call(GetElementDisplayed.java:1)at java.util.concurrent.FutureTask.run(Unknown Source)at org.openqa.selenium.remote.server.DefaultSession$1.run(DefaultSession.java:176)at java.util.concurrent.ThreadPoolExecutor.runWorker(Unknown Source)at java.util.concurrent.ThreadPoolExecutor$Worker.run(Unknown Source)at java.lang.Thread.run(Unknown Source)... Removed 44 stack frames]]>
    </failure>
  </testcase> <!-- testSeeVideo -->
  <testcase name="testHearWhatYouNeed" time="0.287" classname="testCases.TestPersonalPage"/>
  <testcase name="testDownloadAPP" time="0.155" classname="testCases.TestPersonalPage"/>
  <testcase name="testListenNow" time="0.268" classname="testCases.TestPersonalPage"/>
  <testcase name="testReadMore" time="0.202" classname="testCases.TestPersonalPage"/>
  <testcase name="testNews" time="0.3" classname="testCases.TestPersonalPage"/>
  <testcase name="testInvestors" time="0.155" classname="testCases.TestPersonalPage"/>
  <testcase name="testCoperate" time="0.183" classname="testCases.TestPersonalPage"/>
  <testcase name="testFindADoctor" time="0.408" classname="testCases.TestPersonalPage"/>
  <testcase name="testInformedOnReport" time="0.223" classname="testCases.TestPersonalPage"/>
  <testcase name="testMopileApp" time="0.165" classname="testCases.TestPersonalPage"/>
  <testcase name="testContactAs" time="0.185" classname="testCases.TestPersonalPage"/>
  <testcase name="testFeedback" time="0.181" classname="testCases.TestPersonalPage"/>
  <testcase name="testLinkedin" time="0.31" classname="testCases.TestPersonalPage"/>
  <testcase name="testFacebook" time="0.286" classname="testCases.TestPersonalPage"/>
  <testcase name="testTwitter" time="0.193" classname="testCases.TestPersonalPage"/>
  <testcase name="testYoutube" time="0.224" classname="testCases.TestPersonalPage"/>
  <testcase name="testGoogle" time="0.302" classname="testCases.TestPersonalPage"/>
  <testcase name="testPinIntrest" time="0.2" classname="testCases.TestPersonalPage"/>
  <testcase name="testWeibo" time="0.155" classname="testCases.TestPersonalPage"/>
  <testcase name="testInstragram" time="0.169" classname="testCases.TestPersonalPage"/>
  <testcase name="testViewAll" time="0.194" classname="testCases.TestPersonalPage"/>
  <testcase name="testNorton" time="0.163" classname="testCases.TestPersonalPage"/>
  <testcase name="testFeedbackSideLink" time="0.276" classname="testCases.TestPersonalPage"/>
  <testcase name="testSign" time="0.168" classname="testCases.TestPersonalPage"/>
</testsuite> <!-- Cigna -->
